#
# There is insufficient memory for the Java Runtime Environment to continue.
# Native memory allocation (malloc) failed to allocate 2158896 bytes for Chunk::new
# Possible reasons:
#   The system is out of physical RAM or swap space
#   The process is running with CompressedOops enabled, and the Java Heap may be blocking the growth of the native heap
# Possible solutions:
#   Reduce memory load on the system
#   Increase physical memory or swap space
#   Check if swap backing store is full
#   Decrease Java heap size (-Xmx/-Xms)
#   Decrease number of Java threads
#   Decrease Java thread stack sizes (-Xss)
#   Set larger code cache with -XX:ReservedCodeCacheSize=
#   JVM is running with Unscaled Compressed Oops mode in which the Java heap is
#     placed in the first 4GB address space. The Java Heap base address is the
#     maximum limit for the native heap growth. Please use -XX:HeapBaseMinAddress
#     to set the Java Heap base and to place the Java Heap above 4GB virtual address.
# This output file may be truncated or incomplete.
#
#  Out of Memory Error (allocation.cpp:389), pid=2396, tid=0x0000000000003c64
#
# JRE version: OpenJDK Runtime Environment (8.0_242-b01) (build 1.8.0_242-release-1644-b01)
# Java VM: OpenJDK 64-Bit Server VM (25.242-b01 mixed mode windows-amd64 compressed oops)
# Failed to write core dump. Minidumps are not enabled by default on client versions of Windows
#

---------------  T H R E A D  ---------------

Current thread (0x0000000019ed5800):  JavaThread "C2 CompilerThread2" daemon [_thread_in_native, id=15460, stack(0x000000001a840000,0x000000001a940000)]

Stack: [0x000000001a840000,0x000000001a940000]
[error occurred during error reporting (printing stack bounds), id 0xc0000005]

Native frames: (J=compiled Java code, j=interpreted, Vv=VM code, C=native code)


Current CompileTask:
C2:   3419 1517   !   4       java.net.URLClassLoader$1::run (63 bytes)


---------------  P R O C E S S  ---------------

Java Threads: ( => current thread )
  0x000000001c7ec800 JavaThread "Cache worker for file hash cache (C:\Users\娌瀵\.gradle\caches\6.5\fileHashes)" [_thread_blocked, id=13064, stack(0x000000001e8e0000,0x000000001e9e0000)]
  0x000000001c7ea000 JavaThread "File lock request listener" [_thread_in_native, id=12936, stack(0x000000001e7e0000,0x000000001e8e0000)]
  0x000000001c8da800 JavaThread "Cache worker for journal cache (C:\Users\娌瀵\.gradle\caches\journal-1)" [_thread_blocked, id=9420, stack(0x000000001e6e0000,0x000000001e7e0000)]
  0x000000001c8ce000 JavaThread "Thread-9" [_thread_blocked, id=10384, stack(0x000000001e3e0000,0x000000001e4e0000)]
  0x000000001c8dc800 JavaThread "Stdin handler" [_thread_blocked, id=224, stack(0x000000001e2e0000,0x000000001e3e0000)]
  0x000000001c8d3800 JavaThread "Asynchronous log dispatcher for DefaultDaemonConnection: socket connection from /127.0.0.1:3194 to /127.0.0.1:3195" [_thread_blocked, id=14516, stack(0x000000001e1e0000,0x000000001e2e0000)]
  0x000000001bddb000 JavaThread "Daemon worker" [_thread_in_native, id=12364, stack(0x000000001e0e0000,0x000000001e1e0000)]
  0x000000001c8d0000 JavaThread "Cancel handler" [_thread_blocked, id=14996, stack(0x000000001dee0000,0x000000001dfe0000)]
  0x000000001c8a7800 JavaThread "Handler for socket connection from /127.0.0.1:3194 to /127.0.0.1:3195" [_thread_in_native, id=13344, stack(0x000000001dde0000,0x000000001dee0000)]
  0x000000001c898800 JavaThread "Daemon" [_thread_blocked, id=6464, stack(0x000000001dce0000,0x000000001dde0000)]
  0x000000001c7fb800 JavaThread "Daemon periodic checks" [_thread_blocked, id=12668, stack(0x000000001d9e0000,0x000000001dae0000)]
  0x000000001c7fa000 JavaThread "Incoming local TCP Connector on port 3194" [_thread_in_native, id=13100, stack(0x000000001d8e0000,0x000000001d9e0000)]
  0x000000001c44e000 JavaThread "Daemon health stats" [_thread_blocked, id=10532, stack(0x000000001d5e0000,0x000000001d6e0000)]
  0x0000000019f6f000 JavaThread "Service Thread" daemon [_thread_blocked, id=12352, stack(0x000000001aa40000,0x000000001ab40000)]
  0x0000000019ed9800 JavaThread "C1 CompilerThread3" daemon [_thread_blocked, id=5404, stack(0x000000001a940000,0x000000001aa40000)]
=>0x0000000019ed5800 JavaThread "C2 CompilerThread2" daemon [_thread_in_native, id=15460, stack(0x000000001a840000,0x000000001a940000)]
  0x0000000019ed2000 JavaThread "C2 CompilerThread1" daemon [_thread_in_native, id=10980, stack(0x000000001a740000,0x000000001a840000)]
  0x0000000019e7c000 JavaThread "C2 CompilerThread0" daemon [_thread_in_native, id=10984, stack(0x000000001a640000,0x000000001a740000)]
  0x000000001807e000 JavaThread "Attach Listener" daemon [_thread_blocked, id=9292, stack(0x000000001a540000,0x000000001a640000)]
  0x0000000019e66800 JavaThread "Signal Dispatcher" daemon [_thread_blocked, id=9576, stack(0x000000001a440000,0x000000001a540000)]
  0x0000000002efc800 JavaThread "Finalizer" daemon [_thread_blocked, id=9012, stack(0x000000001a340000,0x000000001a440000)]
  0x0000000019e60800 JavaThread "Reference Handler" daemon [_thread_blocked, id=9092, stack(0x000000001a240000,0x000000001a340000)]
  0x0000000002e02800 JavaThread "main" [_thread_blocked, id=12820, stack(0x0000000002900000,0x0000000002a00000)]

Other Threads:
  0x0000000018068800 VMThread [stack: 0x0000000019d40000,0x0000000019e40000] [id=9068]
  0x0000000019f70800 WatcherThread [stack: 0x000000001ab40000,0x000000001ac40000] [id=9004]

VM state:not at safepoint (normal execution)

VM Mutex/Monitor currently owned by a thread: None

heap address: 0x0000000080000000, size: 2048 MB, Compressed Oops mode: 32-bit
Narrow klass base: 0x0000000000000000, Narrow klass shift: 3
Compressed class space size: 1073741824 Address: 0x0000000100000000

Heap:
 PSYoungGen      total 38400K, used 18140K [0x00000000d5580000, 0x00000000daa80000, 0x0000000100000000)
  eden space 33280K, 39% used [0x00000000d5580000,0x00000000d6239218,0x00000000d7600000)
  from space 5120K, 99% used [0x00000000d7600000,0x00000000d7afe030,0x00000000d7b00000)
  to   space 10240K, 0% used [0x00000000da080000,0x00000000da080000,0x00000000daa80000)
 ParOldGen       total 87552K, used 7449K [0x0000000080000000, 0x0000000085580000, 0x00000000d5580000)
  object space 87552K, 8% used [0x0000000080000000,0x0000000080746520,0x0000000085580000)
 Metaspace       used 19035K, capacity 19690K, committed 19968K, reserved 1067008K
  class space    used 2610K, capacity 2781K, committed 2816K, reserved 1048576K

Card table byte_map: [0x00000000123c0000,0x00000000127d0000] byte_map_base: 0x0000000011fc0000

Marking Bits: (ParMarkBitMap*) 0x0000000074e9f030
 Begin Bits: [0x0000000013280000, 0x0000000015280000)
 End Bits:   [0x0000000015280000, 0x0000000017280000)

Polling page: 0x0000000001060000

CodeCache: size=245760Kb used=5949Kb max_used=5949Kb free=239810Kb
 bounds [0x0000000003000000, 0x00000000035e0000, 0x0000000012000000]
 total_blobs=2130 nmethods=1717 adapters=326
 compilation: enabled

Compilation events (10 events):
Event: 3.404 Thread 0x0000000019ed9800 1717       1       java.io.ExpiringCache::access$000 (5 bytes)
Event: 3.405 Thread 0x0000000019ed9800 nmethod 1717 0x00000000035ca7d0 code [0x00000000035ca920, 0x00000000035caa10]
Event: 3.408 Thread 0x0000000019ed9800 1719       3       java.util.Arrays::asList (9 bytes)
Event: 3.408 Thread 0x0000000019ed9800 nmethod 1719 0x00000000035c9b90 code [0x00000000035c9d20, 0x00000000035ca188]
Event: 3.409 Thread 0x0000000019ed9800 1720       3       java.util.Arrays$ArrayList::<init> (16 bytes)
Event: 3.409 Thread 0x0000000019ed9800 nmethod 1720 0x00000000035c9450 code [0x00000000035c95e0, 0x00000000035c99c8]
Event: 3.412 Thread 0x0000000019ed9800 1722       3       java.net.URI::match (56 bytes)
Event: 3.412 Thread 0x0000000019ed9800 nmethod 1722 0x00000000035d0dd0 code [0x00000000035d0f40, 0x00000000035d1250]
Event: 3.412 Thread 0x0000000019ed9800 1723       3       java.net.URI$Parser::scan (73 bytes)
Event: 3.412 Thread 0x0000000019ed9800 nmethod 1723 0x00000000035d12d0 code [0x00000000035d14a0, 0x00000000035d1ba8]

GC Heap History (10 events):
Event: 0.802 GC heap before
{Heap before GC invocations=1 (full 0):
 PSYoungGen      total 38400K, used 33280K [0x00000000d5580000, 0x00000000d8000000, 0x0000000100000000)
  eden space 33280K, 100% used [0x00000000d5580000,0x00000000d7600000,0x00000000d7600000)
  from space 5120K, 0% used [0x00000000d7b00000,0x00000000d7b00000,0x00000000d8000000)
  to   space 5120K, 0% used [0x00000000d7600000,0x00000000d7600000,0x00000000d7b00000)
 ParOldGen       total 87552K, used 0K [0x0000000080000000, 0x0000000085580000, 0x00000000d5580000)
  object space 87552K, 0% used [0x0000000080000000,0x0000000080000000,0x0000000085580000)
 Metaspace       used 7636K, capacity 7976K, committed 8320K, reserved 1056768K
  class space    used 935K, capacity 1039K, committed 1152K, reserved 1048576K
Event: 0.807 GC heap after
Heap after GC invocations=1 (full 0):
 PSYoungGen      total 38400K, used 4838K [0x00000000d5580000, 0x00000000d8000000, 0x0000000100000000)
  eden space 33280K, 0% used [0x00000000d5580000,0x00000000d5580000,0x00000000d7600000)
  from space 5120K, 94% used [0x00000000d7600000,0x00000000d7ab99c8,0x00000000d7b00000)
  to   space 5120K, 0% used [0x00000000d7b00000,0x00000000d7b00000,0x00000000d8000000)
 ParOldGen       total 87552K, used 31K [0x0000000080000000, 0x0000000085580000, 0x00000000d5580000)
  object space 87552K, 0% used [0x0000000080000000,0x0000000080007c40,0x0000000085580000)
 Metaspace       used 7636K, capacity 7976K, committed 8320K, reserved 1056768K
  class space    used 935K, capacity 1039K, committed 1152K, reserved 1048576K
}
Event: 1.175 GC heap before
{Heap before GC invocations=2 (full 0):
 PSYoungGen      total 38400K, used 38118K [0x00000000d5580000, 0x00000000d8000000, 0x0000000100000000)
  eden space 33280K, 100% used [0x00000000d5580000,0x00000000d7600000,0x00000000d7600000)
  from space 5120K, 94% used [0x00000000d7600000,0x00000000d7ab99c8,0x00000000d7b00000)
  to   space 5120K, 0% used [0x00000000d7b00000,0x00000000d7b00000,0x00000000d8000000)
 ParOldGen       total 87552K, used 31K [0x0000000080000000, 0x0000000085580000, 0x00000000d5580000)
  object space 87552K, 0% used [0x0000000080000000,0x0000000080007c40,0x0000000085580000)
 Metaspace       used 7878K, capacity 8192K, committed 8320K, reserved 1056768K
  class space    used 958K, capacity 1047K, committed 1152K, reserved 1048576K
Event: 1.177 GC heap after
Heap after GC invocations=2 (full 0):
 PSYoungGen      total 38400K, used 3721K [0x00000000d5580000, 0x00000000d8000000, 0x0000000100000000)
  eden space 33280K, 0% used [0x00000000d5580000,0x00000000d5580000,0x00000000d7600000)
  from space 5120K, 72% used [0x00000000d7b00000,0x00000000d7ea2608,0x00000000d8000000)
  to   space 5120K, 0% used [0x00000000d7600000,0x00000000d7600000,0x00000000d7b00000)
 ParOldGen       total 87552K, used 39K [0x0000000080000000, 0x0000000085580000, 0x00000000d5580000)
  object space 87552K, 0% used [0x0000000080000000,0x0000000080009c40,0x0000000085580000)
 Metaspace       used 7878K, capacity 8192K, committed 8320K, reserved 1056768K
  class space    used 958K, capacity 1047K, committed 1152K, reserved 1048576K
}
Event: 2.726 GC heap before
{Heap before GC invocations=3 (full 0):
 PSYoungGen      total 38400K, used 37001K [0x00000000d5580000, 0x00000000d8000000, 0x0000000100000000)
  eden space 33280K, 100% used [0x00000000d5580000,0x00000000d7600000,0x00000000d7600000)
  from space 5120K, 72% used [0x00000000d7b00000,0x00000000d7ea2608,0x00000000d8000000)
  to   space 5120K, 0% used [0x00000000d7600000,0x00000000d7600000,0x00000000d7b00000)
 ParOldGen       total 87552K, used 39K [0x0000000080000000, 0x0000000085580000, 0x00000000d5580000)
  object space 87552K, 0% used [0x0000000080000000,0x0000000080009c40,0x0000000085580000)
 Metaspace       used 12185K, capacity 12584K, committed 12800K, reserved 1060864K
  class space    used 1615K, capacity 1730K, committed 1792K, reserved 1048576K
Event: 2.731 GC heap after
Heap after GC invocations=3 (full 0):
 PSYoungGen      total 38400K, used 5112K [0x00000000d5580000, 0x00000000d8000000, 0x0000000100000000)
  eden space 33280K, 0% used [0x00000000d5580000,0x00000000d5580000,0x00000000d7600000)
  from space 5120K, 99% used [0x00000000d7600000,0x00000000d7afe010,0x00000000d7b00000)
  to   space 5120K, 0% used [0x00000000d7b00000,0x00000000d7b00000,0x00000000d8000000)
 ParOldGen       total 87552K, used 1487K [0x0000000080000000, 0x0000000085580000, 0x00000000d5580000)
  object space 87552K, 1% used [0x0000000080000000,0x0000000080173e30,0x0000000085580000)
 Metaspace       used 12185K, capacity 12584K, committed 12800K, reserved 1060864K
  class space    used 1615K, capacity 1730K, committed 1792K, reserved 1048576K
}
Event: 2.995 GC heap before
{Heap before GC invocations=4 (full 0):
 PSYoungGen      total 38400K, used 38392K [0x00000000d5580000, 0x00000000d8000000, 0x0000000100000000)
  eden space 33280K, 100% used [0x00000000d5580000,0x00000000d7600000,0x00000000d7600000)
  from space 5120K, 99% used [0x00000000d7600000,0x00000000d7afe010,0x00000000d7b00000)
  to   space 5120K, 0% used [0x00000000d7b00000,0x00000000d7b00000,0x00000000d8000000)
 ParOldGen       total 87552K, used 1487K [0x0000000080000000, 0x0000000085580000, 0x00000000d5580000)
  object space 87552K, 1% used [0x0000000080000000,0x0000000080173e30,0x0000000085580000)
 Metaspace       used 15271K, capacity 15810K, committed 16000K, reserved 1062912K
  class space    used 2007K, capacity 2157K, committed 2176K, reserved 1048576K
Event: 3.002 GC heap after
Heap after GC invocations=4 (full 0):
 PSYoungGen      total 38400K, used 5112K [0x00000000d5580000, 0x00000000da080000, 0x0000000100000000)
  eden space 33280K, 0% used [0x00000000d5580000,0x00000000d5580000,0x00000000d7600000)
  from space 5120K, 99% used [0x00000000d7b00000,0x00000000d7ffe050,0x00000000d8000000)
  to   space 5120K, 0% used [0x00000000d7600000,0x00000000d7600000,0x00000000d7b00000)
 ParOldGen       total 87552K, used 4002K [0x0000000080000000, 0x0000000085580000, 0x00000000d5580000)
  object space 87552K, 4% used [0x0000000080000000,0x00000000803e8ab8,0x0000000085580000)
 Metaspace       used 15271K, capacity 15810K, committed 16000K, reserved 1062912K
  class space    used 2007K, capacity 2157K, committed 2176K, reserved 1048576K
}
Event: 3.277 GC heap before
{Heap before GC invocations=5 (full 0):
 PSYoungGen      total 38400K, used 38392K [0x00000000d5580000, 0x00000000da080000, 0x0000000100000000)
  eden space 33280K, 100% used [0x00000000d5580000,0x00000000d7600000,0x00000000d7600000)
  from space 5120K, 99% used [0x00000000d7b00000,0x00000000d7ffe050,0x00000000d8000000)
  to   space 5120K, 0% used [0x00000000d7600000,0x00000000d7600000,0x00000000d7b00000)
 ParOldGen       total 87552K, used 4002K [0x0000000080000000, 0x0000000085580000, 0x00000000d5580000)
  object space 87552K, 4% used [0x0000000080000000,0x00000000803e8ab8,0x0000000085580000)
 Metaspace       used 17816K, capacity 18512K, committed 18816K, reserved 1064960K
  class space    used 2439K, capacity 2632K, committed 2688K, reserved 1048576K
Event: 3.287 GC heap after
Heap after GC invocations=5 (full 0):
 PSYoungGen      total 38400K, used 5112K [0x00000000d5580000, 0x00000000daa80000, 0x0000000100000000)
  eden space 33280K, 0% used [0x00000000d5580000,0x00000000d5580000,0x00000000d7600000)
  from space 5120K, 99% used [0x00000000d7600000,0x00000000d7afe030,0x00000000d7b00000)
  to   space 10240K, 0% used [0x00000000da080000,0x00000000da080000,0x00000000daa80000)
 ParOldGen       total 87552K, used 7449K [0x0000000080000000, 0x0000000085580000, 0x00000000d5580000)
  object space 87552K, 8% used [0x0000000080000000,0x0000000080746520,0x0000000085580000)
 Metaspace       used 17816K, capacity 18512K, committed 18816K, reserved 1064960K
  class space    used 2439K, capacity 2632K, committed 2688K, reserved 1048576K
}

Deoptimization events (10 events):
Event: 3.017 Thread 0x000000001bddb000 Uncommon trap: reason=unstable_if action=reinterpret pc=0x0000000003336854 method=java.lang.String.substring(I)Ljava/lang/String; @ 35
Event: 3.172 Thread 0x000000001bddb000 Uncommon trap: reason=unstable_if action=reinterpret pc=0x0000000003332330 method=java.util.LinkedHashMap.afterNodeInsertion(Z)V @ 1
Event: 3.173 Thread 0x000000001bddb000 Uncommon trap: reason=unstable_if action=reinterpret pc=0x000000000327bbbc method=java.util.HashMap.getNode(ILjava/lang/Object;)Ljava/util/HashMap$Node; @ 129
Event: 3.173 Thread 0x000000001bddb000 Uncommon trap: reason=bimorphic action=maybe_recompile pc=0x00000000034c0efc method=java.util.HashMap.putVal(ILjava/lang/Object;Ljava/lang/Object;ZZ)Ljava/lang/Object; @ 203
Event: 3.175 Thread 0x000000001bddb000 Uncommon trap: reason=unstable_if action=reinterpret pc=0x0000000003257410 method=java.util.HashMap.getNode(ILjava/lang/Object;)Ljava/util/HashMap$Node; @ 129
Event: 3.175 Thread 0x000000001bddb000 Uncommon trap: reason=bimorphic action=maybe_recompile pc=0x00000000034c0efc method=java.util.HashMap.putVal(ILjava/lang/Object;Ljava/lang/Object;ZZ)Ljava/lang/Object; @ 203
Event: 3.289 Thread 0x000000001bddb000 Uncommon trap: reason=unstable_if action=reinterpret pc=0x000000000353880c method=java.util.jar.Attributes$Name.isDigit(C)Z @ 3
Event: 3.411 Thread 0x000000001bddb000 Uncommon trap: reason=unstable_if action=reinterpret pc=0x00000000033abf1c method=java.net.URI.match(CJJ)Z @ 19
Event: 3.411 Thread 0x000000001bddb000 Uncommon trap: reason=unstable_if action=reinterpret pc=0x00000000032c5a38 method=java.net.URI.match(CJJ)Z @ 19
Event: 3.411 Thread 0x000000001bddb000 Uncommon trap: reason=unstable_if action=reinterpret pc=0x00000000031cdecc method=java.net.URI.match(CJJ)Z @ 19

Classes redefined (0 events):
No events

Internal exceptions (10 events):
Event: 2.694 Thread 0x000000001c8a7800 Exception <a 'java/lang/NoSuchMethodError': <clinit>> (0x00000000d7480500) thrown at [C:\src\AOSP-openjdk-git\hotspot\src\share\vm\prims\jni.cpp, line 1615]
Event: 2.695 Thread 0x000000001c8a7800 Exception <a 'java/lang/NoSuchMethodError': <clinit>> (0x00000000d7494ad0) thrown at [C:\src\AOSP-openjdk-git\hotspot\src\share\vm\prims\jni.cpp, line 1615]
Event: 2.704 Thread 0x000000001c8a7800 Exception <a 'java/lang/NoSuchMethodError': <clinit>> (0x00000000d7502278) thrown at [C:\src\AOSP-openjdk-git\hotspot\src\share\vm\prims\jni.cpp, line 1615]
Event: 2.709 Thread 0x000000001c8a7800 Exception <a 'java/lang/NoSuchMethodError': <clinit>> (0x00000000d753c770) thrown at [C:\src\AOSP-openjdk-git\hotspot\src\share\vm\prims\jni.cpp, line 1615]
Event: 2.713 Thread 0x000000001c8a7800 Exception <a 'java/lang/NoSuchMethodError': <clinit>> (0x00000000d7572378) thrown at [C:\src\AOSP-openjdk-git\hotspot\src\share\vm\prims\jni.cpp, line 1615]
Event: 2.714 Thread 0x000000001c8a7800 Exception <a 'java/lang/NoSuchMethodError': <clinit>> (0x00000000d757e908) thrown at [C:\src\AOSP-openjdk-git\hotspot\src\share\vm\prims\jni.cpp, line 1615]
Event: 3.046 Thread 0x000000001bddb000 Exception <a 'java/lang/NoSuchMethodError': java.lang.Object.lambda$and$0(Ljava/util/function/Predicate;Ljava/lang/Object;)Z> (0x00000000d5877ab0) thrown at [C:\src\AOSP-openjdk-git\hotspot\src\share\vm\interpreter\linkResolver.cpp, line 620]
Event: 3.050 Thread 0x000000001bddb000 Exception <a 'java/lang/IncompatibleClassChangeError': Found class java.lang.Object, but interface was expected> (0x00000000d5887da8) thrown at [C:\src\AOSP-openjdk-git\hotspot\src\share\vm\interpreter\linkResolver.cpp, line 653]
Event: 3.052 Thread 0x000000001bddb000 Exception <a 'java/lang/NoSuchMethodError': java.lang.Object.lambda$or$2(Ljava/util/function/Predicate;Ljava/lang/Object;)Z> (0x00000000d588c930) thrown at [C:\src\AOSP-openjdk-git\hotspot\src\share\vm\interpreter\linkResolver.cpp, line 620]
Event: 3.210 Thread 0x000000001bddb000 Exception <a 'java/lang/NoSuchMethodError': java.lang.Object.lambda$static$0(Lorg/gradle/internal/state/ModelObject;)Ljava/lang/String;> (0x00000000d70021c8) thrown at [C:\src\AOSP-openjdk-git\hotspot\src\share\vm\interpreter\linkResolver.cpp, line 620]

Events (10 events):
Event: 3.416 loading class org/gradle/language/nativeplatform/internal/incremental/CompilationStateCacheFactory
Event: 3.416 loading class org/gradle/language/nativeplatform/internal/incremental/CompilationStateCacheFactory done
Event: 3.416 loading class org/gradle/language/nativeplatform/internal/incremental/sourceparser/CachingCSourceParser
Event: 3.416 loading class org/gradle/language/nativeplatform/internal/incremental/sourceparser/CachingCSourceParser done
Event: 3.417 loading class org/gradle/language/nativeplatform/internal/incremental/sourceparser/CSourceParser
Event: 3.417 loading class org/gradle/language/nativeplatform/internal/incremental/sourceparser/CSourceParser done
Event: 3.417 loading class org/gradle/cache/internal/FileContentCacheFactory$Calculator
Event: 3.417 loading class org/gradle/cache/internal/FileContentCacheFactory$Calculator done
Event: 3.417 loading class org/gradle/instantexecution/fingerprint/InstantExecutionCacheFingerprintController
Event: 3.417 loading class org/gradle/instantexecution/fingerprint/InstantExecutionCacheFingerprintController done


Dynamic libraries:
0x00007ff635e00000 - 0x00007ff635e31000 	E:\3_program_software\Android Studio\jre\bin\java.exe
0x00007ffb276e0000 - 0x00007ffb278d0000 	C:\WINDOWS\SYSTEM32\ntdll.dll
0x00007ffb25f70000 - 0x00007ffb26022000 	C:\WINDOWS\System32\KERNEL32.DLL
0x00007ffb253f0000 - 0x00007ffb25695000 	C:\WINDOWS\System32\KERNELBASE.dll
0x00007ffb27530000 - 0x00007ffb275d3000 	C:\WINDOWS\System32\ADVAPI32.dll
0x00007ffb25b90000 - 0x00007ffb25c2e000 	C:\WINDOWS\System32\msvcrt.dll
0x00007ffb275e0000 - 0x00007ffb27677000 	C:\WINDOWS\System32\sechost.dll
0x00007ffb259c0000 - 0x00007ffb25adf000 	C:\WINDOWS\System32\RPCRT4.dll
0x00007ffb26c40000 - 0x00007ffb26dd4000 	C:\WINDOWS\System32\USER32.dll
0x00007ffb24850000 - 0x00007ffb24871000 	C:\WINDOWS\System32\win32u.dll
0x00007ffb258d0000 - 0x00007ffb258f6000 	C:\WINDOWS\System32\GDI32.dll
0x00007ffb24880000 - 0x00007ffb24a18000 	C:\WINDOWS\System32\gdi32full.dll
0x00007ffb25350000 - 0x00007ffb253ee000 	C:\WINDOWS\System32\msvcp_win.dll
0x00007ffb24700000 - 0x00007ffb247fa000 	C:\WINDOWS\System32\ucrtbase.dll
0x00007ffb10b60000 - 0x00007ffb10de4000 	C:\WINDOWS\WinSxS\amd64_microsoft.windows.common-controls_6595b64144ccf1df_6.0.18362.1440_none_9e7dbfb9e45e8e67\COMCTL32.dll
0x00007ffb25c30000 - 0x00007ffb25f66000 	C:\WINDOWS\System32\combase.dll
0x00007ffb256a0000 - 0x00007ffb25721000 	C:\WINDOWS\System32\bcryptPrimitives.dll
0x00007ffb25900000 - 0x00007ffb2592e000 	C:\WINDOWS\System32\IMM32.DLL
0x0000000073b80000 - 0x0000000073c52000 	E:\3_program_software\Android Studio\jre\jre\bin\msvcr100.dll
0x00000000746d0000 - 0x0000000074f1b000 	E:\3_program_software\Android Studio\jre\jre\bin\server\jvm.dll
0x00007ffb259b0000 - 0x00007ffb259b8000 	C:\WINDOWS\System32\PSAPI.DLL
0x00007ffb16640000 - 0x00007ffb16649000 	C:\WINDOWS\SYSTEM32\WSOCK32.dll
0x00007ffb271e0000 - 0x00007ffb2724f000 	C:\WINDOWS\System32\WS2_32.dll
0x00007ffb24160000 - 0x00007ffb2416a000 	C:\WINDOWS\SYSTEM32\VERSION.dll
0x00007ffb22500000 - 0x00007ffb22524000 	C:\WINDOWS\SYSTEM32\WINMM.dll
0x00007ffb22160000 - 0x00007ffb2218d000 	C:\WINDOWS\SYSTEM32\winmmbase.dll
0x00007ffb24800000 - 0x00007ffb2484a000 	C:\WINDOWS\System32\cfgmgr32.dll
0x00007ffb133b0000 - 0x00007ffb133bf000 	E:\3_program_software\Android Studio\jre\jre\bin\verify.dll
0x00007ffafbea0000 - 0x00007ffafbec9000 	E:\3_program_software\Android Studio\jre\jre\bin\java.dll
0x00007ffb0ef80000 - 0x00007ffb0ef96000 	E:\3_program_software\Android Studio\jre\jre\bin\zip.dll
0x00007ffb26030000 - 0x00007ffb26718000 	C:\WINDOWS\System32\SHELL32.dll
0x00007ffb25ae0000 - 0x00007ffb25b87000 	C:\WINDOWS\System32\shcore.dll
0x00007ffb24a50000 - 0x00007ffb251cb000 	C:\WINDOWS\System32\windows.storage.dll
0x00007ffb24610000 - 0x00007ffb2462e000 	C:\WINDOWS\System32\profapi.dll
0x00007ffb245a0000 - 0x00007ffb245ea000 	C:\WINDOWS\System32\powrprof.dll
0x00007ffb24590000 - 0x00007ffb245a0000 	C:\WINDOWS\System32\UMPDC.dll
0x00007ffb26e00000 - 0x00007ffb26e52000 	C:\WINDOWS\System32\shlwapi.dll
0x00007ffb24630000 - 0x00007ffb24641000 	C:\WINDOWS\System32\kernel.appcore.dll
0x00007ffb25330000 - 0x00007ffb25347000 	C:\WINDOWS\System32\cryptsp.dll
0x00007ffb06010000 - 0x00007ffb0602a000 	E:\3_program_software\Android Studio\jre\jre\bin\net.dll
0x00007ffb23d60000 - 0x00007ffb23dc7000 	C:\WINDOWS\system32\mswsock.dll
0x00007ffafbd80000 - 0x00007ffafbd93000 	E:\3_program_software\Android Studio\jre\jre\bin\nio.dll
0x00007ffb20df0000 - 0x00007ffb20e17000 	C:\Users\暮光沉寂\.gradle\native\f6784746aeab05261644944871eae4fe03e0ef1612fff0a4a95f87b438bc6780\windows-amd64\native-platform.dll
0x00007ffb1ee80000 - 0x00007ffb1ee8d000 	E:\3_program_software\Android Studio\jre\jre\bin\management.dll
0x00007ffb238e0000 - 0x00007ffb23913000 	C:\WINDOWS\system32\rsaenh.dll
0x00007ffb24a20000 - 0x00007ffb24a46000 	C:\WINDOWS\System32\bcrypt.dll
0x00007ffb244b0000 - 0x00007ffb244d5000 	C:\WINDOWS\SYSTEM32\USERENV.dll
0x00007ffb23f30000 - 0x00007ffb23f3c000 	C:\WINDOWS\SYSTEM32\CRYPTBASE.dll
0x00007ffb23a70000 - 0x00007ffb23aaa000 	C:\WINDOWS\SYSTEM32\IPHLPAPI.DLL
0x00007ffb26df0000 - 0x00007ffb26df8000 	C:\WINDOWS\System32\NSI.dll
0x00007ffb1bf40000 - 0x00007ffb1bf56000 	C:\WINDOWS\SYSTEM32\dhcpcsvc6.DLL
0x00007ffb1be40000 - 0x00007ffb1be5c000 	C:\WINDOWS\SYSTEM32\dhcpcsvc.DLL
0x00007ffb23ab0000 - 0x00007ffb23b7b000 	C:\WINDOWS\SYSTEM32\DNSAPI.dll
0x00007ffb1e0e0000 - 0x00007ffb1e0eb000 	C:\WINDOWS\SYSTEM32\WINNSI.DLL

VM Arguments:
jvm_args: -Xmx2048m -Dfile.encoding=UTF-8 -Duser.country=CN -Duser.language=zh -Duser.variant 
java_command: org.gradle.launcher.daemon.bootstrap.GradleDaemon 6.5
java_class_path (initial): C:\Users\暮光沉寂\.gradle\wrapper\dists\gradle-6.5-bin\6nifqtx7604sqp1q6g8wikw7p\gradle-6.5\lib\gradle-launcher-6.5.jar
Launcher Type: SUN_STANDARD

Environment Variables:
JAVA_HOME=C:\Program Files\Java\jdk1.8.0_192
CLASSPATH=.;C:\Program Files\Java\jdk1.8.0_192\lib\dt.jar;C:\Program Files\Java\jdk1.8.0_192\lib\tools.jar;
PATH=D:\software\anaconda;D:\software\anaconda\Library\mingw-w64\bin;D:\software\anaconda\Library\usr\bin;D:\software\anaconda\Library\bin;D:\software\anaconda\Scripts;C:\Program Files\Java\jdk1.8.0_192\bin;D:\software\opencv\build\x64\vc14\bin;C:\Program Files\dotnet\;C:\mingw64\bin;D:\software\android-sdk\tools;F:\python\Scripts\;F:\python\;C:\Program Files (x86)\Common Files\Oracle\Java\javapath;C:\ProgramData\Oracle\Java\javapath;C:\Program Files (x86)\Intel\iCLS Client\;C:\Program Files\Intel\iCLS Client\;C:\Windows\system32;C:\Windows;C:\Windows\System32\Wbem;C:\Windows\System32\WindowsPowerShell\v1.0\;C:\Program Files (x86)\NVIDIA Corporation\PhysX\Common;C:\Program Files (x86)\Intel\Intel(R) Management Engine Components\DAL;C:\Program Files\Intel\Intel(R) Management Engine Components\DAL;C:\Program Files (x86)\Intel\Intel(R) Management Engine Components\IPT;C:\Program Files\Intel\Intel(R) Management Engine Components\IPT;C:\Program Files\Intel\WiFi\bin\;C:\Program Files\Common Files\Intel\WirelessCommon\;C:\WINDOWS\system32;C:\WINDOWS;C:\WINDOWS\System32\Wbem;C:\WINDOWS\System32\WindowsPowerShell\v1.0\;C:\WINDOWS\System32\OpenSSH\;C:\Program Files (x86)\Microsoft SQL Server\100\Tools\Binn\;C:\Program Files\Microsoft SQL Server\100\Tools\Binn\;C:\Program Files\Microsoft SQL Server\100\DTS\Binn\;C:\Users\暮光沉寂\AppData\Local\Microsoft\WindowsApps;F:\SOFTWARE\visual studio code\Microsoft VS Code\bin;D:\新建文件夹\bandzip\;D:\新建文件夹\vscode\Microsoft VS Code\bin;F:\opencv\opencv\build\x64\vc15\bin;F:\opencv\opencv\build\x64\vc14\bin;D:\software\pycharm\PyCharm 2020.2\bin;;D:\software\pycharm\PyCharm Community Edition 2020.3.2\bin;;C:\Users\暮光沉寂\.dotnet\tools;D:\software\android-sdk\tools;
USERNAME=暮光沉寂
OS=Windows_NT
PROCESSOR_IDENTIFIER=Intel64 Family 6 Model 158 Stepping 9, GenuineIntel



---------------  S Y S T E M  ---------------

OS: Windows 10.0 , 64 bit Build 18362 (10.0.18362.1350)

CPU:total 8 (initial active 8) (4 cores per cpu, 2 threads per core) family 6 model 158 stepping 9, cmov, cx8, fxsr, mmx, sse, sse2, sse3, ssse3, sse4.1, sse4.2, popcnt, avx, avx2, aes, clmul, erms, 3dnowpref, lzcnt, ht, tsc, tscinvbit, bmi1, bmi2, adx

Memory: 4k page, physical 8270008k(1952612k free), swap 8270008k(5176k free)

vm_info: OpenJDK 64-Bit Server VM (25.242-b01) for windows-amd64 JRE (1.8.0_242-release-1644-b01), built by "builder" with MS VC++ 10.0 (VS2010)

time: Wed Apr 07 16:57:14 2021
timezone: 中国标准时间
elapsed time: 3 seconds (0d 0h 0m 3s)

