#
# There is insufficient memory for the Java Runtime Environment to continue.
# Native memory allocation (malloc) failed to allocate 541296 bytes for Chunk::new
# Possible reasons:
#   The system is out of physical RAM or swap space
#   The process is running with CompressedOops enabled, and the Java Heap may be blocking the growth of the native heap
# Possible solutions:
#   Reduce memory load on the system
#   Increase physical memory or swap space
#   Check if swap backing store is full
#   Decrease Java heap size (-Xmx/-Xms)
#   Decrease number of Java threads
#   Decrease Java thread stack sizes (-Xss)
#   Set larger code cache with -XX:ReservedCodeCacheSize=
#   JVM is running with Unscaled Compressed Oops mode in which the Java heap is
#     placed in the first 4GB address space. The Java Heap base address is the
#     maximum limit for the native heap growth. Please use -XX:HeapBaseMinAddress
#     to set the Java Heap base and to place the Java Heap above 4GB virtual address.
# This output file may be truncated or incomplete.
#
#  Out of Memory Error (allocation.cpp:389), pid=6328, tid=0x00000000000009b0
#
# JRE version: OpenJDK Runtime Environment (8.0_242-b01) (build 1.8.0_242-release-1644-b01)
# Java VM: OpenJDK 64-Bit Server VM (25.242-b01 mixed mode windows-amd64 compressed oops)
# Failed to write core dump. Minidumps are not enabled by default on client versions of Windows
#

---------------  T H R E A D  ---------------

Current thread (0x0000000019c05000):  JavaThread "C2 CompilerThread2" daemon [_thread_in_native, id=2480, stack(0x000000001a5d0000,0x000000001a6d0000)]

Stack: [0x000000001a5d0000,0x000000001a6d0000]
[error occurred during error reporting (printing stack bounds), id 0xc0000005]

Native frames: (J=compiled Java code, j=interpreted, Vv=VM code, C=native code)


Current CompileTask:
C2:  59684 14332       4       com.android.tools.r8.ir.conversion.o::a (1153 bytes)


---------------  P R O C E S S  ---------------

Java Threads: ( => current thread )
  0x000000001bc4e000 JavaThread "WorkerExecutor Queue Thread 9" [_thread_blocked, id=3092, stack(0x000000002f090000,0x000000002f190000)]
  0x000000001bc4f000 JavaThread "WorkerExecutor Queue Thread 8" [_thread_in_Java, id=12256, stack(0x000000002ef90000,0x000000002f090000)]
  0x000000001bc4d800 JavaThread "WorkerExecutor Queue Thread 7" [_thread_in_Java, id=14216, stack(0x000000002ee90000,0x000000002ef90000)]
  0x000000001bc53800 JavaThread "WorkerExecutor Queue Thread 6" [_thread_in_Java, id=2352, stack(0x000000002e8d0000,0x000000002e9d0000)]
  0x000000001bc4f800 JavaThread "WorkerExecutor Queue Thread 5" [_thread_in_Java, id=1232, stack(0x000000002e7d0000,0x000000002e8d0000)]
  0x000000001bc51800 JavaThread "WorkerExecutor Queue Thread 4" [_thread_in_vm, id=14208, stack(0x000000002ed90000,0x000000002ee90000)]
  0x000000001bc50800 JavaThread "WorkerExecutor Queue Thread 3" [_thread_blocked, id=9460, stack(0x000000002ec90000,0x000000002ed90000)]
  0x000000001bc54800 JavaThread "WorkerExecutor Queue Thread 2" [_thread_blocked, id=9808, stack(0x000000002eb90000,0x000000002ec90000)]
  0x00000000230d5000 JavaThread "WorkerExecutor Queue" [_thread_blocked, id=8212, stack(0x000000002ea90000,0x000000002eb90000)]
  0x000000001ca5b800 JavaThread "ForkJoinPool.commonPool-worker-7" daemon [_thread_blocked, id=2676, stack(0x000000002e6d0000,0x000000002e7d0000)]
  0x000000001ca5b000 JavaThread "ForkJoinPool.commonPool-worker-6" daemon [_thread_blocked, id=6052, stack(0x000000002e5d0000,0x000000002e6d0000)]
  0x000000001ca5c800 JavaThread "ForkJoinPool.commonPool-worker-5" daemon [_thread_blocked, id=12844, stack(0x000000002e0d0000,0x000000002e1d0000)]
  0x000000001ca5a000 JavaThread "ForkJoinPool.commonPool-worker-4" daemon [_thread_blocked, id=5456, stack(0x000000002dcd0000,0x000000002ddd0000)]
  0x0000000020060800 JavaThread "ForkJoinPool.commonPool-worker-3" daemon [_thread_blocked, id=3112, stack(0x000000002d930000,0x000000002da30000)]
  0x0000000020067800 JavaThread "ForkJoinPool.commonPool-worker-2" daemon [_thread_blocked, id=4364, stack(0x000000002d580000,0x000000002d680000)]
  0x0000000020066000 JavaThread "ForkJoinPool.commonPool-worker-1" daemon [_thread_blocked, id=10104, stack(0x000000002d480000,0x000000002d580000)]
  0x0000000020064800 JavaThread "Cache worker for Java compile cache (E:\1JAVAsaves\MyApplication\.gradle\6.5\javaCompile)" [_thread_blocked, id=6312, stack(0x000000002d380000,0x000000002d480000)]
  0x0000000020063000 JavaThread "Cache worker for execution history cache (E:\1JAVAsaves\MyApplication\.gradle\6.5\executionHistory)" [_thread_blocked, id=10704, stack(0x000000002d280000,0x000000002d380000)]
  0x0000000020062000 JavaThread "Execution worker for ':' Thread 7" [_thread_blocked, id=12000, stack(0x000000002d180000,0x000000002d280000)]
  0x0000000021ce8800 JavaThread "Execution worker for ':' Thread 6" [_thread_blocked, id=8328, stack(0x000000002d080000,0x000000002d180000)]
  0x0000000021ce7800 JavaThread "Execution worker for ':' Thread 5" [_thread_blocked, id=12236, stack(0x000000002cf80000,0x000000002d080000)]
  0x0000000021ce6000 JavaThread "Execution worker for ':' Thread 4" [_thread_blocked, id=4072, stack(0x000000002c880000,0x000000002c980000)]
  0x0000000021ce7000 JavaThread "Execution worker for ':' Thread 3" [_thread_blocked, id=7876, stack(0x000000002c780000,0x000000002c880000)]
  0x0000000021ce4000 JavaThread "Execution worker for ':' Thread 2" [_thread_blocked, id=9664, stack(0x000000002c680000,0x000000002c780000)]
  0x0000000021ce5800 JavaThread "Execution worker for ':'" [_thread_blocked, id=6624, stack(0x000000002c580000,0x000000002c680000)]
  0x0000000021ce2800 JavaThread "Cache worker for file content cache (E:\1JAVAsaves\MyApplication\.gradle\6.5\fileContent)" [_thread_blocked, id=6340, stack(0x000000002c480000,0x000000002c580000)]
  0x0000000021ce4800 JavaThread "Cache worker for Build Output Cleanup Cache (E:\1JAVAsaves\MyApplication\.gradle\buildOutputCleanup)" [_thread_blocked, id=6720, stack(0x000000002c180000,0x000000002c280000)]
  0x000000001fc8b800 JavaThread "Build operations Thread 8" [_thread_blocked, id=272, stack(0x000000002bc80000,0x000000002bd80000)]
  0x000000001fc8e000 JavaThread "Build operations Thread 7" [_thread_blocked, id=9936, stack(0x0000000029fb0000,0x000000002a0b0000)]
  0x000000001fc8a000 JavaThread "Build operations Thread 6" [_thread_blocked, id=668, stack(0x00000000248b0000,0x00000000249b0000)]
  0x000000001fc8d000 JavaThread "Build operations Thread 5" [_thread_blocked, id=12356, stack(0x00000000247b0000,0x00000000248b0000)]
  0x000000001fc8b000 JavaThread "Build operations Thread 4" [_thread_blocked, id=4264, stack(0x00000000246b0000,0x00000000247b0000)]
  0x000000001fc89800 JavaThread "Build operations Thread 3" [_thread_blocked, id=4352, stack(0x00000000245b0000,0x00000000246b0000)]
  0x000000001fc82000 JavaThread "Build operations Thread 2" [_thread_blocked, id=13620, stack(0x00000000244b0000,0x00000000245b0000)]
  0x000000001fc81000 JavaThread "Build operations" [_thread_blocked, id=2472, stack(0x00000000243b0000,0x00000000244b0000)]
  0x000000001fc87000 JavaThread "Cache worker for cache directory md-rule (C:\Users\娌瀵\.gradle\caches\6.5\md-rule)" [_thread_blocked, id=8324, stack(0x00000000242b0000,0x00000000243b0000)]
  0x000000001fc86800 JavaThread "Cache worker for cache directory md-supplier (C:\Users\娌瀵\.gradle\caches\6.5\md-supplier)" [_thread_blocked, id=12456, stack(0x00000000241b0000,0x00000000242b0000)]
  0x000000001fc85000 JavaThread "Cache worker for checksums cache (E:\1JAVAsaves\MyApplication\.gradle\checksums)" [_thread_blocked, id=8388, stack(0x0000000022330000,0x0000000022430000)]
  0x000000001fc7f000 JavaThread "Cache worker for file hash cache (E:\1JAVAsaves\MyApplication\.gradle\6.5\fileHashes)" [_thread_blocked, id=1760, stack(0x0000000022230000,0x0000000022330000)]
  0x000000001fc85800 JavaThread "Thread-141" [_thread_blocked, id=7976, stack(0x0000000020ac0000,0x0000000020bc0000)]
  0x000000001fc83800 JavaThread "Stdin handler" [_thread_blocked, id=7456, stack(0x00000000209c0000,0x0000000020ac0000)]
  0x000000001fc7f800 JavaThread "Asynchronous log dispatcher for DefaultDaemonConnection: socket connection from /127.0.0.1:2252 to /127.0.0.1:2258" [_thread_blocked, id=5760, stack(0x000000001e220000,0x000000001e320000)]
  0x000000001fc82800 JavaThread "Cancel handler" [_thread_blocked, id=4532, stack(0x000000001e120000,0x000000001e220000)]
  0x000000001fc84000 JavaThread "Handler for socket connection from /127.0.0.1:2252 to /127.0.0.1:2258" [_thread_in_native, id=9408, stack(0x000000001e020000,0x000000001e120000)]
  0x000000001fc88000 JavaThread "Cache worker for Java compile cache (C:\Users\娌瀵\.gradle\caches\6.5\javaCompile)" [_thread_blocked, id=7028, stack(0x000000002dfd0000,0x000000002e0d0000)]
  0x0000000021ce9000 JavaThread "Memory manager" [_thread_blocked, id=7156, stack(0x000000002bb80000,0x000000002bc80000)]
  0x00000000230d2000 JavaThread "jar transforms Thread 92" [_thread_blocked, id=3084, stack(0x000000002a6e0000,0x000000002a7e0000)]
  0x00000000230d3800 JavaThread "jar transforms Thread 91" [_thread_blocked, id=4936, stack(0x000000002a5e0000,0x000000002a6e0000)]
  0x00000000230d3000 JavaThread "jar transforms Thread 90" [_thread_blocked, id=8344, stack(0x000000002a4e0000,0x000000002a5e0000)]
  0x00000000230d1800 JavaThread "jar transforms Thread 89" [_thread_blocked, id=12692, stack(0x000000002a3e0000,0x000000002a4e0000)]
  0x00000000230d0800 JavaThread "jar transforms Thread 88" [_thread_blocked, id=1144, stack(0x000000002a2e0000,0x000000002a3e0000)]
  0x00000000230c9000 JavaThread "jar transforms Thread 87" [_thread_blocked, id=8596, stack(0x000000002a1e0000,0x000000002a2e0000)]
  0x00000000230d0000 JavaThread "jar transforms Thread 86" [_thread_blocked, id=13616, stack(0x000000002a0e0000,0x000000002a1e0000)]
  0x00000000230c8800 JavaThread "jar transforms Thread 85" [_thread_blocked, id=10708, stack(0x0000000029cb0000,0x0000000029db0000)]
  0x00000000230ce800 JavaThread "jar transforms Thread 84" [_thread_blocked, id=12664, stack(0x0000000029bb0000,0x0000000029cb0000)]
  0x00000000230cd800 JavaThread "jar transforms Thread 83" [_thread_blocked, id=5308, stack(0x0000000029ab0000,0x0000000029bb0000)]
  0x00000000230cf000 JavaThread "jar transforms Thread 82" [_thread_blocked, id=5260, stack(0x00000000299b0000,0x0000000029ab0000)]
  0x00000000230ca800 JavaThread "jar transforms Thread 81" [_thread_blocked, id=12108, stack(0x00000000298b0000,0x00000000299b0000)]
  0x00000000230ca000 JavaThread "jar transforms Thread 80" [_thread_blocked, id=10252, stack(0x00000000297b0000,0x00000000298b0000)]
  0x00000000230cd000 JavaThread "jar transforms Thread 79" [_thread_blocked, id=5388, stack(0x00000000296b0000,0x00000000297b0000)]
  0x00000000230c7000 JavaThread "jar transforms Thread 78" [_thread_blocked, id=12040, stack(0x00000000295b0000,0x00000000296b0000)]
  0x00000000230cc000 JavaThread "jar transforms Thread 77" [_thread_blocked, id=5764, stack(0x00000000294b0000,0x00000000295b0000)]
  0x00000000230cb800 JavaThread "jar transforms Thread 76" [_thread_blocked, id=3580, stack(0x00000000293b0000,0x00000000294b0000)]
  0x00000000230c7800 JavaThread "jar transforms Thread 75" [_thread_blocked, id=4900, stack(0x00000000292b0000,0x00000000293b0000)]
  0x000000001f836800 JavaThread "jar transforms Thread 74" [_thread_blocked, id=10644, stack(0x00000000291b0000,0x00000000292b0000)]
  0x000000001f838000 JavaThread "jar transforms Thread 73" [_thread_blocked, id=6228, stack(0x00000000290b0000,0x00000000291b0000)]
  0x000000001f835800 JavaThread "jar transforms Thread 72" [_thread_blocked, id=3408, stack(0x0000000028fb0000,0x00000000290b0000)]
  0x000000001f837000 JavaThread "jar transforms Thread 71" [_thread_blocked, id=13808, stack(0x0000000028eb0000,0x0000000028fb0000)]
  0x000000001f834000 JavaThread "jar transforms Thread 70" [_thread_blocked, id=2184, stack(0x0000000028db0000,0x0000000028eb0000)]
  0x000000001f835000 JavaThread "jar transforms Thread 69" [_thread_blocked, id=4148, stack(0x0000000028cb0000,0x0000000028db0000)]
  0x000000001f838800 JavaThread "jar transforms Thread 68" [_thread_blocked, id=14160, stack(0x0000000028bb0000,0x0000000028cb0000)]
  0x000000001f82c800 JavaThread "jar transforms Thread 67" [_thread_blocked, id=5360, stack(0x0000000028ab0000,0x0000000028bb0000)]
  0x000000001f833800 JavaThread "jar transforms Thread 66" [_thread_blocked, id=740, stack(0x00000000289b0000,0x0000000028ab0000)]
  0x000000001f82c000 JavaThread "jar transforms Thread 65" [_thread_blocked, id=8100, stack(0x00000000288b0000,0x00000000289b0000)]
  0x000000001f831000 JavaThread "jar transforms Thread 64" [_thread_blocked, id=5940, stack(0x00000000287b0000,0x00000000288b0000)]
  0x000000001f832800 JavaThread "jar transforms Thread 63" [_thread_blocked, id=5612, stack(0x00000000286b0000,0x00000000287b0000)]
  0x000000001f82d800 JavaThread "jar transforms Thread 62" [_thread_blocked, id=10288, stack(0x00000000285b0000,0x00000000286b0000)]
  0x000000001f830800 JavaThread "jar transforms Thread 61" [_thread_blocked, id=5016, stack(0x00000000284b0000,0x00000000285b0000)]
  0x000000001f82f800 JavaThread "jar transforms Thread 60" [_thread_blocked, id=10344, stack(0x00000000283b0000,0x00000000284b0000)]
  0x000000001f82e000 JavaThread "jar transforms Thread 59" [_thread_blocked, id=4248, stack(0x00000000282b0000,0x00000000283b0000)]
  0x000000001f82f000 JavaThread "jar transforms Thread 58" [_thread_blocked, id=3632, stack(0x00000000281b0000,0x00000000282b0000)]
  0x000000001f82b000 JavaThread "jar transforms Thread 57" [_thread_blocked, id=2772, stack(0x00000000280b0000,0x00000000281b0000)]
  0x000000001f832000 JavaThread "jar transforms Thread 56" [_thread_blocked, id=7128, stack(0x0000000027fb0000,0x00000000280b0000)]
  0x000000001f829800 JavaThread "jar transforms Thread 55" [_thread_blocked, id=10152, stack(0x0000000027eb0000,0x0000000027fb0000)]
  0x000000001f82a800 JavaThread "jar transforms Thread 54" [_thread_blocked, id=4348, stack(0x0000000027db0000,0x0000000027eb0000)]
  0x000000001f828000 JavaThread "jar transforms Thread 53" [_thread_blocked, id=10556, stack(0x0000000027cb0000,0x0000000027db0000)]
  0x000000001f828800 JavaThread "jar transforms Thread 52" [_thread_blocked, id=9524, stack(0x0000000027bb0000,0x0000000027cb0000)]
  0x000000001f827000 JavaThread "jar transforms Thread 51" [_thread_blocked, id=13364, stack(0x0000000027ab0000,0x0000000027bb0000)]
  0x000000001f826800 JavaThread "jar transforms Thread 50" [_thread_blocked, id=7300, stack(0x00000000279b0000,0x0000000027ab0000)]
  0x000000001f825800 JavaThread "jar transforms Thread 49" [_thread_blocked, id=5032, stack(0x00000000278b0000,0x00000000279b0000)]
  0x000000001f81e000 JavaThread "jar transforms Thread 48" [_thread_blocked, id=2504, stack(0x00000000277b0000,0x00000000278b0000)]
  0x000000001f825000 JavaThread "jar transforms Thread 47" [_thread_blocked, id=3932, stack(0x00000000276b0000,0x00000000277b0000)]
  0x000000001f81d800 JavaThread "jar transforms Thread 46" [_thread_blocked, id=2816, stack(0x00000000275b0000,0x00000000276b0000)]
  0x000000001f824000 JavaThread "jar transforms Thread 45" [_thread_blocked, id=2384, stack(0x00000000274b0000,0x00000000275b0000)]
  0x000000001f823800 JavaThread "jar transforms Thread 44" [_thread_blocked, id=4244, stack(0x00000000273b0000,0x00000000274b0000)]
  0x000000001f822800 JavaThread "jar transforms Thread 43" [_thread_blocked, id=7080, stack(0x00000000272b0000,0x00000000273b0000)]
  0x000000001f81b000 JavaThread "jar transforms Thread 42" [_thread_blocked, id=6924, stack(0x00000000271b0000,0x00000000272b0000)]
  0x000000001f81f000 JavaThread "jar transforms Thread 41" [_thread_blocked, id=13084, stack(0x00000000270b0000,0x00000000271b0000)]
  0x000000001f822000 JavaThread "jar transforms Thread 40" [_thread_blocked, id=5836, stack(0x0000000026fb0000,0x00000000270b0000)]
  0x000000001f821000 JavaThread "jar transforms Thread 39" [_thread_blocked, id=12620, stack(0x0000000026eb0000,0x0000000026fb0000)]
  0x000000001f81a800 JavaThread "jar transforms Thread 38" [_thread_blocked, id=2180, stack(0x0000000026db0000,0x0000000026eb0000)]
  0x000000001f81c800 JavaThread "jar transforms Thread 37" [_thread_blocked, id=9444, stack(0x0000000026cb0000,0x0000000026db0000)]
  0x000000001f819800 JavaThread "jar transforms Thread 36" [_thread_blocked, id=4804, stack(0x0000000026bb0000,0x0000000026cb0000)]
  0x000000001f820800 JavaThread "jar transforms Thread 35" [_thread_blocked, id=140, stack(0x0000000026ab0000,0x0000000026bb0000)]
  0x000000001f81f800 JavaThread "jar transforms Thread 34" [_thread_blocked, id=10484, stack(0x00000000269b0000,0x0000000026ab0000)]
  0x000000001f81c000 JavaThread "jar transforms Thread 33" [_thread_blocked, id=10876, stack(0x00000000268b0000,0x00000000269b0000)]
  0x000000001cb81000 JavaThread "jar transforms Thread 32" [_thread_blocked, id=8632, stack(0x00000000267b0000,0x00000000268b0000)]
  0x000000001cb80000 JavaThread "jar transforms Thread 31" [_thread_blocked, id=2404, stack(0x00000000266b0000,0x00000000267b0000)]
  0x000000001cb7f800 JavaThread "jar transforms Thread 30" [_thread_blocked, id=13488, stack(0x00000000265b0000,0x00000000266b0000)]
  0x000000001cb7e800 JavaThread "jar transforms Thread 29" [_thread_blocked, id=4296, stack(0x00000000264b0000,0x00000000265b0000)]
  0x000000001cb7e000 JavaThread "jar transforms Thread 28" [_thread_blocked, id=6632, stack(0x00000000263b0000,0x00000000264b0000)]
  0x000000001cb7d000 JavaThread "jar transforms Thread 27" [_thread_blocked, id=9652, stack(0x00000000262b0000,0x00000000263b0000)]
  0x000000001cb75800 JavaThread "jar transforms Thread 26" [_thread_blocked, id=3064, stack(0x00000000261b0000,0x00000000262b0000)]
  0x000000001cb7c800 JavaThread "jar transforms Thread 25" [_thread_blocked, id=7140, stack(0x00000000260b0000,0x00000000261b0000)]
  0x000000001cb7b800 JavaThread "jar transforms Thread 24" [_thread_blocked, id=6972, stack(0x0000000025fb0000,0x00000000260b0000)]
  0x000000001cb77000 JavaThread "jar transforms Thread 23" [_thread_blocked, id=5476, stack(0x0000000025eb0000,0x0000000025fb0000)]
  0x000000001cb7a000 JavaThread "jar transforms Thread 22" [_thread_blocked, id=6748, stack(0x0000000025db0000,0x0000000025eb0000)]
  0x000000001cb7b000 JavaThread "jar transforms Thread 21" [_thread_blocked, id=7496, stack(0x0000000025cb0000,0x0000000025db0000)]
  0x000000001cb72800 JavaThread "jar transforms Thread 20" [_thread_blocked, id=8072, stack(0x0000000025bb0000,0x0000000025cb0000)]
  0x000000001cb79000 JavaThread "jar transforms Thread 19" [_thread_blocked, id=12116, stack(0x0000000025ab0000,0x0000000025bb0000)]
  0x000000001cb71800 JavaThread "jar transforms Thread 18" [_thread_blocked, id=10860, stack(0x00000000259b0000,0x0000000025ab0000)]
  0x000000001cb74000 JavaThread "jar transforms Thread 17" [_thread_blocked, id=1972, stack(0x00000000258b0000,0x00000000259b0000)]
  0x000000001cb77800 JavaThread "jar transforms Thread 16" [_thread_blocked, id=7196, stack(0x00000000257b0000,0x00000000258b0000)]
  0x000000001cb73000 JavaThread "jar transforms Thread 15" [_thread_blocked, id=8404, stack(0x00000000256b0000,0x00000000257b0000)]
  0x000000001cb76000 JavaThread "jar transforms Thread 14" [_thread_blocked, id=7420, stack(0x00000000255b0000,0x00000000256b0000)]
  0x000000001cb74800 JavaThread "jar transforms Thread 13" [_thread_blocked, id=7008, stack(0x00000000254b0000,0x00000000255b0000)]
  0x000000001cb78800 JavaThread "jar transforms Thread 12" [_thread_blocked, id=10356, stack(0x00000000253b0000,0x00000000254b0000)]
  0x000000002006e000 JavaThread "jar transforms Thread 11" [_thread_blocked, id=9376, stack(0x00000000252b0000,0x00000000253b0000)]
  0x000000002006c800 JavaThread "jar transforms Thread 10" [_thread_blocked, id=5952, stack(0x00000000251b0000,0x00000000252b0000)]
  0x000000002006b000 JavaThread "jar transforms Thread 9" [_thread_blocked, id=7616, stack(0x00000000250b0000,0x00000000251b0000)]
  0x000000002006c000 JavaThread "jar transforms Thread 8" [_thread_blocked, id=9688, stack(0x0000000024fb0000,0x00000000250b0000)]
  0x0000000020069800 JavaThread "jar transforms Thread 7" [_thread_blocked, id=3924, stack(0x0000000024eb0000,0x0000000024fb0000)]
  0x0000000020069000 JavaThread "jar transforms Thread 6" [_thread_blocked, id=4300, stack(0x0000000024db0000,0x0000000024eb0000)]
  0x000000002006d800 JavaThread "jar transforms Thread 5" [_thread_blocked, id=9700, stack(0x0000000024cb0000,0x0000000024db0000)]
  0x000000002006a800 JavaThread "jar transforms Thread 4" [_thread_blocked, id=5996, stack(0x0000000024bb0000,0x0000000024cb0000)]
  0x0000000020061800 JavaThread "jar transforms Thread 3" [_thread_blocked, id=3244, stack(0x0000000024ab0000,0x0000000024bb0000)]
  0x0000000020068000 JavaThread "jar transforms Thread 2" [_thread_blocked, id=84, stack(0x00000000249b0000,0x0000000024ab0000)]
  0x000000001ca58000 JavaThread "Cache worker for file content cache (C:\Users\娌瀵\.gradle\caches\6.5\fileContent)" [_thread_blocked, id=3396, stack(0x0000000022ae0000,0x0000000022be0000)]
  0x000000001ca5e000 JavaThread "jar transforms" [_thread_blocked, id=3904, stack(0x0000000020cc0000,0x0000000020dc0000)]
  0x000000001ca5d000 JavaThread "Cache worker for execution history cache (C:\Users\娌瀵\.gradle\caches\6.5\executionHistory)" [_thread_blocked, id=4292, stack(0x0000000020bc0000,0x0000000020cc0000)]
  0x000000001ca59800 JavaThread "Cache worker for file hash cache (C:\Users\娌瀵\.gradle\caches\6.5\fileHashes)" [_thread_blocked, id=4272, stack(0x000000001e720000,0x000000001e820000)]
  0x000000001ca58800 JavaThread "File lock request listener" [_thread_in_native, id=3236, stack(0x000000001e620000,0x000000001e720000)]
  0x000000001c73b800 JavaThread "Cache worker for journal cache (C:\Users\娌瀵\.gradle\caches\journal-1)" [_thread_blocked, id=12160, stack(0x000000001e520000,0x000000001e620000)]
  0x000000001c6b2000 JavaThread "Daemon worker" [_thread_blocked, id=1368, stack(0x000000001df20000,0x000000001e020000)]
  0x000000001c67e800 JavaThread "Daemon" [_thread_blocked, id=9452, stack(0x000000001db20000,0x000000001dc20000)]
  0x000000001c6b5000 JavaThread "Daemon periodic checks" [_thread_blocked, id=3008, stack(0x000000001d820000,0x000000001d920000)]
  0x000000001c664800 JavaThread "Incoming local TCP Connector on port 2252" [_thread_in_native, id=248, stack(0x000000001d670000,0x000000001d770000)]
  0x0000000019d0a000 JavaThread "Daemon health stats" [_thread_blocked, id=13516, stack(0x000000001d370000,0x000000001d470000)]
  0x0000000019c3b000 JavaThread "Service Thread" daemon [_thread_blocked, id=4668, stack(0x000000001a7d0000,0x000000001a8d0000)]
  0x0000000019c0c800 JavaThread "C1 CompilerThread3" daemon [_thread_in_native, id=7888, stack(0x000000001a6d0000,0x000000001a7d0000)]
=>0x0000000019c05000 JavaThread "C2 CompilerThread2" daemon [_thread_in_native, id=2480, stack(0x000000001a5d0000,0x000000001a6d0000)]
  0x0000000019c02000 JavaThread "C2 CompilerThread1" daemon [_thread_in_native, id=3644, stack(0x000000001a4d0000,0x000000001a5d0000)]
  0x0000000019ba7000 JavaThread "C2 CompilerThread0" daemon [_thread_in_native, id=11280, stack(0x000000001a3d0000,0x000000001a4d0000)]
  0x0000000019c00800 JavaThread "Attach Listener" daemon [_thread_blocked, id=12028, stack(0x000000001a2d0000,0x000000001a3d0000)]
  0x0000000019bff800 JavaThread "Signal Dispatcher" daemon [_thread_blocked, id=7172, stack(0x000000001a1d0000,0x000000001a2d0000)]
  0x0000000019b91000 JavaThread "Finalizer" daemon [_thread_blocked, id=8564, stack(0x000000001a070000,0x000000001a170000)]
  0x0000000019b90800 JavaThread "Reference Handler" daemon [_thread_blocked, id=9484, stack(0x0000000019f70000,0x000000001a070000)]
  0x0000000002c22800 JavaThread "main" [_thread_blocked, id=7760, stack(0x0000000002b20000,0x0000000002c20000)]

Other Threads:
  0x0000000017d88000 VMThread [stack: 0x0000000019a70000,0x0000000019b70000] [id=11324]
  0x0000000019c3c800 WatcherThread [stack: 0x000000001a8d0000,0x000000001a9d0000] [id=9760]

VM state:not at safepoint (normal execution)

VM Mutex/Monitor currently owned by a thread: None

heap address: 0x0000000080000000, size: 2048 MB, Compressed Oops mode: 32-bit
Narrow klass base: 0x0000000000000000, Narrow klass shift: 3
Compressed class space size: 1073741824 Address: 0x0000000100000000

Heap:
 PSYoungGen      total 271360K, used 17233K [0x00000000d5580000, 0x00000000eb700000, 0x0000000100000000)
  eden space 237568K, 7% used [0x00000000d5580000,0x00000000d66545d0,0x00000000e3d80000)
  from space 33792K, 0% used [0x00000000e3d80000,0x00000000e3d80000,0x00000000e5e80000)
  to   space 43520K, 0% used [0x00000000e8c80000,0x00000000e8c80000,0x00000000eb700000)
 ParOldGen       total 226304K, used 85632K [0x0000000080000000, 0x000000008dd00000, 0x00000000d5580000)
  object space 226304K, 37% used [0x0000000080000000,0x00000000853a0230,0x000000008dd00000)
 Metaspace       used 90829K, capacity 96428K, committed 99148K, reserved 1136640K
  class space    used 12078K, capacity 13236K, committed 14080K, reserved 1048576K

Card table byte_map: [0x00000000120e0000,0x00000000124f0000] byte_map_base: 0x0000000011ce0000

Marking Bits: (ParMarkBitMap*) 0x000000006c1cf030
 Begin Bits: [0x0000000012fa0000, 0x0000000014fa0000)
 End Bits:   [0x0000000014fa0000, 0x0000000016fa0000)

Polling page: 0x00000000026f0000

CodeCache: size=245760Kb used=38327Kb max_used=38327Kb free=207432Kb
 bounds [0x0000000002d20000, 0x00000000052c0000, 0x0000000011d20000]
 total_blobs=13349 nmethods=12484 adapters=776
 compilation: enabled

Compilation events (10 events):
Event: 59.672 Thread 0x0000000019c0c800 nmethod 14621 0x0000000005284610 code [0x0000000005284760, 0x0000000005284870]
Event: 59.672 Thread 0x0000000019c0c800 14591       3       com.android.tools.r8.ir.conversion.F::a (27 bytes)
Event: 59.672 Thread 0x0000000019c0c800 nmethod 14591 0x00000000052848d0 code [0x0000000005284a20, 0x0000000005284b90]
Event: 59.672 Thread 0x0000000019c0c800 14593       3       com.android.tools.r8.ir.conversion.F::c (27 bytes)
Event: 59.672 Thread 0x0000000019c0c800 nmethod 14593 0x0000000005284c10 code [0x0000000005284d60, 0x0000000005284ed0]
Event: 59.672 Thread 0x0000000019c0c800 14624       3       com.android.tools.r8.p.n.S::a (1103 bytes)
Event: 59.676 Thread 0x0000000019c02000 nmethod 14572 0x0000000005288810 code [0x0000000005288ae0, 0x0000000005289760]
Event: 59.676 Thread 0x0000000019c02000 14622       4       com.android.tools.r8.graph.i0::a (129 bytes)
Event: 59.678 Thread 0x0000000019c02000 nmethod 14622 0x00000000052854d0 code [0x0000000005285620, 0x0000000005285818]
Event: 59.678 Thread 0x0000000019c02000 14655       4       com.android.tools.r8.graph.i0::b (150 bytes)

GC Heap History (10 events):
Event: 11.102 GC heap before
{Heap before GC invocations=17 (full 3):
 PSYoungGen      total 199168K, used 199154K [0x00000000d5580000, 0x00000000e5500000, 0x0000000100000000)
  eden space 182272K, 100% used [0x00000000d5580000,0x00000000e0780000,0x00000000e0780000)
  from space 16896K, 99% used [0x00000000e0780000,0x00000000e17fc838,0x00000000e1800000)
  to   space 22016K, 0% used [0x00000000e3f80000,0x00000000e3f80000,0x00000000e5500000)
 ParOldGen       total 138752K, used 45189K [0x0000000080000000, 0x0000000088780000, 0x00000000d5580000)
  object space 138752K, 32% used [0x0000000080000000,0x0000000082c216a0,0x0000000088780000)
 Metaspace       used 70628K, capacity 74950K, committed 75096K, reserved 1114112K
  class space    used 9682K, capacity 10606K, committed 10624K, reserved 1048576K
Event: 11.120 GC heap after
Heap after GC invocations=17 (full 3):
 PSYoungGen      total 233472K, used 12792K [0x00000000d5580000, 0x00000000e5180000, 0x0000000100000000)
  eden space 215040K, 0% used [0x00000000d5580000,0x00000000d5580000,0x00000000e2780000)
  from space 18432K, 69% used [0x00000000e3f80000,0x00000000e4bfe2d0,0x00000000e5180000)
  to   space 21504K, 0% used [0x00000000e2780000,0x00000000e2780000,0x00000000e3c80000)
 ParOldGen       total 138752K, used 59739K [0x0000000080000000, 0x0000000088780000, 0x00000000d5580000)
  object space 138752K, 43% used [0x0000000080000000,0x0000000083a56e60,0x0000000088780000)
 Metaspace       used 70628K, capacity 74950K, committed 75096K, reserved 1114112K
  class space    used 9682K, capacity 10606K, committed 10624K, reserved 1048576K
}
Event: 57.180 GC heap before
{Heap before GC invocations=18 (full 3):
 PSYoungGen      total 233472K, used 227832K [0x00000000d5580000, 0x00000000e5180000, 0x0000000100000000)
  eden space 215040K, 100% used [0x00000000d5580000,0x00000000e2780000,0x00000000e2780000)
  from space 18432K, 69% used [0x00000000e3f80000,0x00000000e4bfe2d0,0x00000000e5180000)
  to   space 21504K, 0% used [0x00000000e2780000,0x00000000e2780000,0x00000000e3c80000)
 ParOldGen       total 138752K, used 59739K [0x0000000080000000, 0x0000000088780000, 0x00000000d5580000)
  object space 138752K, 43% used [0x0000000080000000,0x0000000083a56e60,0x0000000088780000)
 Metaspace       used 81395K, capacity 86156K, committed 86360K, reserved 1124352K
  class space    used 10804K, capacity 11810K, committed 11904K, reserved 1048576K
Event: 57.200 GC heap after
Heap after GC invocations=18 (full 3):
 PSYoungGen      total 236544K, used 21224K [0x00000000d5580000, 0x00000000e7680000, 0x0000000100000000)
  eden space 215040K, 0% used [0x00000000d5580000,0x00000000d5580000,0x00000000e2780000)
  from space 21504K, 98% used [0x00000000e2780000,0x00000000e3c3a238,0x00000000e3c80000)
  to   space 24576K, 0% used [0x00000000e5e80000,0x00000000e5e80000,0x00000000e7680000)
 ParOldGen       total 138752K, used 59747K [0x0000000080000000, 0x0000000088780000, 0x00000000d5580000)
  object space 138752K, 43% used [0x0000000080000000,0x0000000083a58e60,0x0000000088780000)
 Metaspace       used 81395K, capacity 86156K, committed 86360K, reserved 1124352K
  class space    used 10804K, capacity 11810K, committed 11904K, reserved 1048576K
}
Event: 58.644 GC heap before
{Heap before GC invocations=19 (full 3):
 PSYoungGen      total 236544K, used 236264K [0x00000000d5580000, 0x00000000e7680000, 0x0000000100000000)
  eden space 215040K, 100% used [0x00000000d5580000,0x00000000e2780000,0x00000000e2780000)
  from space 21504K, 98% used [0x00000000e2780000,0x00000000e3c3a238,0x00000000e3c80000)
  to   space 24576K, 0% used [0x00000000e5e80000,0x00000000e5e80000,0x00000000e7680000)
 ParOldGen       total 138752K, used 59747K [0x0000000080000000, 0x0000000088780000, 0x00000000d5580000)
  object space 138752K, 43% used [0x0000000080000000,0x0000000083a58e60,0x0000000088780000)
 Metaspace       used 82852K, capacity 87924K, committed 88024K, reserved 1126400K
  class space    used 10913K, capacity 11994K, committed 12032K, reserved 1048576K
Event: 58.693 GC heap after
Heap after GC invocations=19 (full 3):
 PSYoungGen      total 262144K, used 24544K [0x00000000d5580000, 0x00000000e9180000, 0x0000000100000000)
  eden space 237568K, 0% used [0x00000000d5580000,0x00000000d5580000,0x00000000e3d80000)
  from space 24576K, 99% used [0x00000000e5e80000,0x00000000e7678110,0x00000000e7680000)
  to   space 33792K, 0% used [0x00000000e3d80000,0x00000000e3d80000,0x00000000e5e80000)
 ParOldGen       total 138752K, used 76410K [0x0000000080000000, 0x0000000088780000, 0x00000000d5580000)
  object space 138752K, 55% used [0x0000000080000000,0x0000000084a9e9a0,0x0000000088780000)
 Metaspace       used 82852K, capacity 87924K, committed 88024K, reserved 1126400K
  class space    used 10913K, capacity 11994K, committed 12032K, reserved 1048576K
}
Event: 59.385 GC heap before
{Heap before GC invocations=20 (full 3):
 PSYoungGen      total 262144K, used 134453K [0x00000000d5580000, 0x00000000e9180000, 0x0000000100000000)
  eden space 237568K, 46% used [0x00000000d5580000,0x00000000dc0d53d0,0x00000000e3d80000)
  from space 24576K, 99% used [0x00000000e5e80000,0x00000000e7678110,0x00000000e7680000)
  to   space 33792K, 0% used [0x00000000e3d80000,0x00000000e3d80000,0x00000000e5e80000)
 ParOldGen       total 138752K, used 76410K [0x0000000080000000, 0x0000000088780000, 0x00000000d5580000)
  object space 138752K, 55% used [0x0000000080000000,0x0000000084a9e9a0,0x0000000088780000)
 Metaspace       used 91238K, capacity 98246K, committed 98380K, reserved 1134592K
  class space    used 12439K, capacity 13967K, committed 14080K, reserved 1048576K
Event: 59.418 GC heap after
Heap after GC invocations=20 (full 3):
 PSYoungGen      total 271360K, used 33763K [0x00000000d5580000, 0x00000000eb700000, 0x0000000100000000)
  eden space 237568K, 0% used [0x00000000d5580000,0x00000000d5580000,0x00000000e3d80000)
  from space 33792K, 99% used [0x00000000e3d80000,0x00000000e5e78ef8,0x00000000e5e80000)
  to   space 43520K, 0% used [0x00000000e8c80000,0x00000000e8c80000,0x00000000eb700000)
 ParOldGen       total 138752K, used 88822K [0x0000000080000000, 0x0000000088780000, 0x00000000d5580000)
  object space 138752K, 64% used [0x0000000080000000,0x00000000856bd9b0,0x0000000088780000)
 Metaspace       used 91238K, capacity 98246K, committed 98380K, reserved 1134592K
  class space    used 12439K, capacity 13967K, committed 14080K, reserved 1048576K
}
Event: 59.418 GC heap before
{Heap before GC invocations=21 (full 4):
 PSYoungGen      total 271360K, used 33763K [0x00000000d5580000, 0x00000000eb700000, 0x0000000100000000)
  eden space 237568K, 0% used [0x00000000d5580000,0x00000000d5580000,0x00000000e3d80000)
  from space 33792K, 99% used [0x00000000e3d80000,0x00000000e5e78ef8,0x00000000e5e80000)
  to   space 43520K, 0% used [0x00000000e8c80000,0x00000000e8c80000,0x00000000eb700000)
 ParOldGen       total 138752K, used 88822K [0x0000000080000000, 0x0000000088780000, 0x00000000d5580000)
  object space 138752K, 64% used [0x0000000080000000,0x00000000856bd9b0,0x0000000088780000)
 Metaspace       used 91238K, capacity 98246K, committed 98380K, reserved 1134592K
  class space    used 12439K, capacity 13967K, committed 14080K, reserved 1048576K
Event: 59.600 GC heap after
Heap after GC invocations=21 (full 4):
 PSYoungGen      total 271360K, used 0K [0x00000000d5580000, 0x00000000eb700000, 0x0000000100000000)
  eden space 237568K, 0% used [0x00000000d5580000,0x00000000d5580000,0x00000000e3d80000)
  from space 33792K, 0% used [0x00000000e3d80000,0x00000000e3d80000,0x00000000e5e80000)
  to   space 43520K, 0% used [0x00000000e8c80000,0x00000000e8c80000,0x00000000eb700000)
 ParOldGen       total 226304K, used 85632K [0x0000000080000000, 0x000000008dd00000, 0x00000000d5580000)
  object space 226304K, 37% used [0x0000000080000000,0x00000000853a0230,0x000000008dd00000)
 Metaspace       used 89844K, capacity 95114K, committed 98380K, reserved 1134592K
  class space    used 11934K, capacity 13059K, committed 14080K, reserved 1048576K
}

Deoptimization events (10 events):
Event: 59.299 Thread 0x000000001bc51800 Uncommon trap: reason=unstable_if action=reinterpret pc=0x00000000050a4024 method=com.android.tools.r8.z.a.a.f.a(II[C)Ljava/lang/String; @ 32
Event: 59.301 Thread 0x000000001bc51800 Uncommon trap: reason=unstable_if action=reinterpret pc=0x000000000511a470 method=com.android.tools.r8.graph.i0.a(C)I @ 7
Event: 59.301 Thread 0x000000001bc51800 Uncommon trap: reason=unstable_if action=reinterpret pc=0x0000000005035000 method=com.android.tools.r8.graph.i0.a(C[BI)I @ 7
Event: 59.301 Thread 0x000000001bc51800 Uncommon trap: reason=unstable_if action=reinterpret pc=0x0000000005080d34 method=com.android.tools.r8.z.a.a.f.a(II[C)Ljava/lang/String; @ 32
Event: 59.301 Thread 0x000000001bc51800 Uncommon trap: reason=unstable_if action=reinterpret pc=0x0000000005058e7c method=com.android.tools.r8.graph.i0.a(C)I @ 7
Event: 59.304 Thread 0x000000001bc4f000 Uncommon trap: reason=class_check action=maybe_recompile pc=0x00000000043dd1b0 method=java.util.Spliterators$1Adapter.hasNext()Z @ 12
Event: 59.304 Thread 0x000000001bc4f800 Uncommon trap: reason=class_check action=maybe_recompile pc=0x00000000043dd1b0 method=java.util.Spliterators$1Adapter.hasNext()Z @ 12
Event: 59.307 Thread 0x000000001bc51800 Uncommon trap: reason=unstable_if action=reinterpret pc=0x0000000005124254 method=com.android.tools.r8.graph.I0$c.a()V @ 88
Event: 59.311 Thread 0x000000001bc51800 Uncommon trap: reason=unstable_if action=reinterpret pc=0x000000000507cb3c method=com.android.tools.r8.graph.i0.a([C)I @ 44
Event: 59.609 Thread 0x000000001bc51800 Uncommon trap: reason=unstable_if action=reinterpret pc=0x0000000005192640 method=com.android.tools.r8.q.a.a.b.J0.k()Ljava/lang/Object; @ 32

Classes redefined (0 events):
No events

Internal exceptions (10 events):
Event: 58.804 Thread 0x0000000021ce5800 Exception <a 'java/lang/NoSuchMethodError': <clinit>> (0x00000000d6b2c310) thrown at [C:\src\AOSP-openjdk-git\hotspot\src\share\vm\prims\jni.cpp, line 1615]
Event: 58.860 Thread 0x000000001bc51800 Exception <a 'sun/nio/fs/WindowsException'> (0x00000000d7662c30) thrown at [C:\src\AOSP-openjdk-git\hotspot\src\share\vm\prims\jni.cpp, line 710]
Event: 58.978 Thread 0x000000001bc4d800 Exception <a 'java/lang/IncompatibleClassChangeError': Found class java.lang.Object, but interface was expected> (0x00000000d8421860) thrown at [C:\src\AOSP-openjdk-git\hotspot\src\share\vm\interpreter\linkResolver.cpp, line 653]
Event: 58.978 Thread 0x000000001bc51800 Exception <a 'java/lang/IncompatibleClassChangeError': Found class java.lang.Object, but interface was expected> (0x00000000d83fc770) thrown at [C:\src\AOSP-openjdk-git\hotspot\src\share\vm\interpreter\linkResolver.cpp, line 653]
Event: 59.226 Thread 0x000000001bc51800 Exception <a 'java/lang/NoSuchMethodError': java.lang.Object.b(Lcom/android/tools/r8/graph/p1$b;)Lcom/android/tools/r8/graph/p1$b;> (0x00000000dad51888) thrown at [C:\src\AOSP-openjdk-git\hotspot\src\share\vm\interpreter\linkResolver.cpp, line 620]
Event: 59.249 Thread 0x000000001bc4f000 Exception <a 'java/lang/NoSuchMethodError': java.lang.Object.lambda$maxBy$1(Ljava/util/Comparator;Ljava/lang/Object;Ljava/lang/Object;)Ljava/lang/Object;> (0x00000000daf0a080) thrown at [C:\src\AOSP-openjdk-git\hotspot\src\share\vm\interpreter\linkResolve
Event: 59.249 Thread 0x000000001bc4f800 Exception <a 'java/lang/NoSuchMethodError': java.lang.Object.lambda$maxBy$1(Ljava/util/Comparator;Ljava/lang/Object;Ljava/lang/Object;)Ljava/lang/Object;> (0x00000000dae8c308) thrown at [C:\src\AOSP-openjdk-git\hotspot\src\share\vm\interpreter\linkResolve
Event: 59.249 Thread 0x000000001bc4d800 Exception <a 'java/lang/NoSuchMethodError': java.lang.Object.lambda$maxBy$1(Ljava/util/Comparator;Ljava/lang/Object;Ljava/lang/Object;)Ljava/lang/Object;> (0x00000000daf34e38) thrown at [C:\src\AOSP-openjdk-git\hotspot\src\share\vm\interpreter\linkResolve
Event: 59.249 Thread 0x000000001bc53800 Exception <a 'java/lang/NoSuchMethodError': java.lang.Object.lambda$maxBy$1(Ljava/util/Comparator;Ljava/lang/Object;Ljava/lang/Object;)Ljava/lang/Object;> (0x00000000daf44d78) thrown at [C:\src\AOSP-openjdk-git\hotspot\src\share\vm\interpreter\linkResolve
Event: 59.249 Thread 0x000000001bc51800 Exception <a 'java/lang/NoSuchMethodError': java.lang.Object.lambda$maxBy$1(Ljava/util/Comparator;Ljava/lang/Object;Ljava/lang/Object;)Ljava/lang/Object;> (0x00000000daf623a8) thrown at [C:\src\AOSP-openjdk-git\hotspot\src\share\vm\interpreter\linkResolve

Events (10 events):
Event: 59.679 loading class com/android/tools/r8/dex/t
Event: 59.679 loading class com/android/tools/r8/dex/t done
Event: 59.680 loading class com/android/tools/r8/dex/m
Event: 59.680 loading class com/android/tools/r8/dex/m done
Event: 59.681 loading class com/android/tools/r8/dex/j
Event: 59.681 loading class com/android/tools/r8/dex/j done
Event: 59.682 loading class com/android/tools/r8/t/a/a/a/h/N
Event: 59.682 loading class com/android/tools/r8/t/a/a/a/h/N done
Event: 59.682 loading class com/android/tools/r8/t/a/a/a/h/e
Event: 59.682 loading class com/android/tools/r8/t/a/a/a/h/e done


Dynamic libraries:
0x00007ff77da70000 - 0x00007ff77daa1000 	E:\3_program_software\Android Studio\jre\bin\java.exe
0x00007ffdd2600000 - 0x00007ffdd27f0000 	C:\WINDOWS\SYSTEM32\ntdll.dll
0x00007ffdd2260000 - 0x00007ffdd2312000 	C:\WINDOWS\System32\KERNEL32.DLL
0x00007ffdcffa0000 - 0x00007ffdd0245000 	C:\WINDOWS\System32\KERNELBASE.dll
0x00007ffdd0a60000 - 0x00007ffdd0b03000 	C:\WINDOWS\System32\ADVAPI32.dll
0x00007ffdd0c30000 - 0x00007ffdd0cce000 	C:\WINDOWS\System32\msvcrt.dll
0x00007ffdd0870000 - 0x00007ffdd0907000 	C:\WINDOWS\System32\sechost.dll
0x00007ffdd0b10000 - 0x00007ffdd0c2f000 	C:\WINDOWS\System32\RPCRT4.dll
0x00007ffdd1e70000 - 0x00007ffdd2004000 	C:\WINDOWS\System32\USER32.dll
0x00007ffdd0360000 - 0x00007ffdd0381000 	C:\WINDOWS\System32\win32u.dll
0x00007ffdd2590000 - 0x00007ffdd25b6000 	C:\WINDOWS\System32\GDI32.dll
0x00007ffdd0390000 - 0x00007ffdd0528000 	C:\WINDOWS\System32\gdi32full.dll
0x00007ffdcf570000 - 0x00007ffdcf60e000 	C:\WINDOWS\System32\msvcp_win.dll
0x00007ffdd0530000 - 0x00007ffdd062a000 	C:\WINDOWS\System32\ucrtbase.dll
0x00007ffdb91a0000 - 0x00007ffdb9424000 	C:\WINDOWS\WinSxS\amd64_microsoft.windows.common-controls_6595b64144ccf1df_6.0.18362.1440_none_9e7dbfb9e45e8e67\COMCTL32.dll
0x00007ffdd1360000 - 0x00007ffdd1696000 	C:\WINDOWS\System32\combase.dll
0x00007ffdd02d0000 - 0x00007ffdd0351000 	C:\WINDOWS\System32\bcryptPrimitives.dll
0x00007ffdd09c0000 - 0x00007ffdd09ee000 	C:\WINDOWS\System32\IMM32.DLL
0x000000006e640000 - 0x000000006e712000 	E:\3_program_software\Android Studio\jre\jre\bin\msvcr100.dll
0x000000006ba00000 - 0x000000006c24b000 	E:\3_program_software\Android Studio\jre\jre\bin\server\jvm.dll
0x00007ffdd09f0000 - 0x00007ffdd09f8000 	C:\WINDOWS\System32\PSAPI.DLL
0x00007ffdcde90000 - 0x00007ffdcde99000 	C:\WINDOWS\SYSTEM32\WSOCK32.dll
0x00007ffdd0e80000 - 0x00007ffdd0eef000 	C:\WINDOWS\System32\WS2_32.dll
0x00007ffdcd210000 - 0x00007ffdcd234000 	C:\WINDOWS\SYSTEM32\WINMM.dll
0x00007ffdcf080000 - 0x00007ffdcf08a000 	C:\WINDOWS\SYSTEM32\VERSION.dll
0x00007ffdcd100000 - 0x00007ffdcd12d000 	C:\WINDOWS\SYSTEM32\WINMMBASE.dll
0x00007ffdd0280000 - 0x00007ffdd02ca000 	C:\WINDOWS\System32\cfgmgr32.dll
0x00007ffdcde80000 - 0x00007ffdcde8f000 	E:\3_program_software\Android Studio\jre\jre\bin\verify.dll
0x00007ffdcbbf0000 - 0x00007ffdcbc19000 	E:\3_program_software\Android Studio\jre\jre\bin\java.dll
0x00007ffdcbbc0000 - 0x00007ffdcbbd6000 	E:\3_program_software\Android Studio\jre\jre\bin\zip.dll
0x00007ffdd1710000 - 0x00007ffdd1df8000 	C:\WINDOWS\System32\SHELL32.dll
0x00007ffdd0910000 - 0x00007ffdd09b7000 	C:\WINDOWS\System32\shcore.dll
0x00007ffdcf610000 - 0x00007ffdcfd8b000 	C:\WINDOWS\System32\windows.storage.dll
0x00007ffdcf4e0000 - 0x00007ffdcf4fe000 	C:\WINDOWS\System32\profapi.dll
0x00007ffdcf500000 - 0x00007ffdcf54a000 	C:\WINDOWS\System32\powrprof.dll
0x00007ffdcf4b0000 - 0x00007ffdcf4c0000 	C:\WINDOWS\System32\UMPDC.dll
0x00007ffdd1e00000 - 0x00007ffdd1e52000 	C:\WINDOWS\System32\shlwapi.dll
0x00007ffdcf4c0000 - 0x00007ffdcf4d1000 	C:\WINDOWS\System32\kernel.appcore.dll
0x00007ffdd0690000 - 0x00007ffdd06a7000 	C:\WINDOWS\System32\cryptsp.dll
0x00007ffdcbba0000 - 0x00007ffdcbbba000 	E:\3_program_software\Android Studio\jre\jre\bin\net.dll
0x00007ffdcec80000 - 0x00007ffdcece7000 	C:\WINDOWS\system32\mswsock.dll
0x00007ffdcbb20000 - 0x00007ffdcbb33000 	E:\3_program_software\Android Studio\jre\jre\bin\nio.dll
0x00007ffdc01a0000 - 0x00007ffdc01c7000 	C:\Users\暮光沉寂\.gradle\native\f6784746aeab05261644944871eae4fe03e0ef1612fff0a4a95f87b438bc6780\windows-amd64\native-platform.dll
0x00007ffdcde70000 - 0x00007ffdcde7d000 	E:\3_program_software\Android Studio\jre\jre\bin\management.dll
0x00007ffdce800000 - 0x00007ffdce833000 	C:\WINDOWS\system32\rsaenh.dll
0x00007ffdd0250000 - 0x00007ffdd0276000 	C:\WINDOWS\System32\bcrypt.dll
0x00007ffdcf3d0000 - 0x00007ffdcf3f5000 	C:\WINDOWS\SYSTEM32\USERENV.dll
0x00007ffdcee50000 - 0x00007ffdcee5c000 	C:\WINDOWS\SYSTEM32\CRYPTBASE.dll
0x00007ffdce990000 - 0x00007ffdce9ca000 	C:\WINDOWS\SYSTEM32\IPHLPAPI.DLL
0x00007ffdd1e60000 - 0x00007ffdd1e68000 	C:\WINDOWS\System32\NSI.dll
0x00007ffdc7380000 - 0x00007ffdc7396000 	C:\WINDOWS\SYSTEM32\dhcpcsvc6.DLL
0x00007ffdc7270000 - 0x00007ffdc728c000 	C:\WINDOWS\SYSTEM32\dhcpcsvc.DLL
0x00007ffdce9d0000 - 0x00007ffdcea9b000 	C:\WINDOWS\SYSTEM32\DNSAPI.dll
0x00007ffdc8250000 - 0x00007ffdc825b000 	C:\WINDOWS\SYSTEM32\WINNSI.DLL

VM Arguments:
jvm_args: -Xmx2048m -Dfile.encoding=UTF-8 -Duser.country=CN -Duser.language=zh -Duser.variant 
java_command: org.gradle.launcher.daemon.bootstrap.GradleDaemon 6.5
java_class_path (initial): C:\Users\暮光沉寂\.gradle\wrapper\dists\gradle-6.5-bin\6nifqtx7604sqp1q6g8wikw7p\gradle-6.5\lib\gradle-launcher-6.5.jar
Launcher Type: SUN_STANDARD

Environment Variables:
JAVA_HOME=C:\Program Files\Java\jdk1.8.0_192
CLASSPATH=.;C:\Program Files\Java\jdk1.8.0_192\lib\dt.jar;C:\Program Files\Java\jdk1.8.0_192\lib\tools.jar;
PATH=D:\software\anaconda;D:\software\anaconda\Library\mingw-w64\bin;D:\software\anaconda\Library\usr\bin;D:\software\anaconda\Library\bin;D:\software\anaconda\Scripts;C:\Program Files\Java\jdk1.8.0_192\bin;D:\software\opencv\build\x64\vc14\bin;C:\Program Files\dotnet\;C:\mingw64\bin;D:\software\android-sdk\tools;F:\python\Scripts\;F:\python\;C:\Program Files (x86)\Common Files\Oracle\Java\javapath;C:\ProgramData\Oracle\Java\javapath;C:\Program Files (x86)\Intel\iCLS Client\;C:\Program Files\Intel\iCLS Client\;C:\Windows\system32;C:\Windows;C:\Windows\System32\Wbem;C:\Windows\System32\WindowsPowerShell\v1.0\;C:\Program Files (x86)\NVIDIA Corporation\PhysX\Common;C:\Program Files (x86)\Intel\Intel(R) Management Engine Components\DAL;C:\Program Files\Intel\Intel(R) Management Engine Components\DAL;C:\Program Files (x86)\Intel\Intel(R) Management Engine Components\IPT;C:\Program Files\Intel\Intel(R) Management Engine Components\IPT;C:\Program Files\Intel\WiFi\bin\;C:\Program Files\Common Files\Intel\WirelessCommon\;C:\WINDOWS\system32;C:\WINDOWS;C:\WINDOWS\System32\Wbem;C:\WINDOWS\System32\WindowsPowerShell\v1.0\;C:\WINDOWS\System32\OpenSSH\;C:\Program Files (x86)\Microsoft SQL Server\100\Tools\Binn\;C:\Program Files\Microsoft SQL Server\100\Tools\Binn\;C:\Program Files\Microsoft SQL Server\100\DTS\Binn\;C:\Users\暮光沉寂\AppData\Local\Microsoft\WindowsApps;F:\SOFTWARE\visual studio code\Microsoft VS Code\bin;D:\新建文件夹\bandzip\;D:\新建文件夹\vscode\Microsoft VS Code\bin;F:\opencv\opencv\build\x64\vc15\bin;F:\opencv\opencv\build\x64\vc14\bin;D:\software\pycharm\PyCharm 2020.2\bin;;D:\software\pycharm\PyCharm Community Edition 2020.3.2\bin;;C:\Users\暮光沉寂\.dotnet\tools;D:\software\android-sdk\tools;
USERNAME=暮光沉寂
OS=Windows_NT
PROCESSOR_IDENTIFIER=Intel64 Family 6 Model 158 Stepping 9, GenuineIntel



---------------  S Y S T E M  ---------------

OS: Windows 10.0 , 64 bit Build 18362 (10.0.18362.1350)

CPU:total 8 (initial active 8) (4 cores per cpu, 2 threads per core) family 6 model 158 stepping 9, cmov, cx8, fxsr, mmx, sse, sse2, sse3, ssse3, sse4.1, sse4.2, popcnt, avx, avx2, aes, clmul, erms, 3dnowpref, lzcnt, ht, tsc, tscinvbit, bmi1, bmi2, adx

Memory: 4k page, physical 8270008k(1874272k free), swap 8270008k(5268k free)

vm_info: OpenJDK 64-Bit Server VM (25.242-b01) for windows-amd64 JRE (1.8.0_242-release-1644-b01), built by "builder" with MS VC++ 10.0 (VS2010)

time: Wed Apr 07 18:22:47 2021
timezone: 中国标准时间
elapsed time: 59 seconds (0d 0h 0m 59s)

