#
# There is insufficient memory for the Java Runtime Environment to continue.
# Native memory allocation (malloc) failed to allocate 547808 bytes for Chunk::new
# Possible reasons:
#   The system is out of physical RAM or swap space
#   The process is running with CompressedOops enabled, and the Java Heap may be blocking the growth of the native heap
# Possible solutions:
#   Reduce memory load on the system
#   Increase physical memory or swap space
#   Check if swap backing store is full
#   Decrease Java heap size (-Xmx/-Xms)
#   Decrease number of Java threads
#   Decrease Java thread stack sizes (-Xss)
#   Set larger code cache with -XX:ReservedCodeCacheSize=
#   JVM is running with Unscaled Compressed Oops mode in which the Java heap is
#     placed in the first 4GB address space. The Java Heap base address is the
#     maximum limit for the native heap growth. Please use -XX:HeapBaseMinAddress
#     to set the Java Heap base and to place the Java Heap above 4GB virtual address.
# This output file may be truncated or incomplete.
#
#  Out of Memory Error (allocation.cpp:389), pid=4692, tid=0x0000000000003050
#
# JRE version: OpenJDK Runtime Environment (8.0_242-b01) (build 1.8.0_242-release-1644-b01)
# Java VM: OpenJDK 64-Bit Server VM (25.242-b01 mixed mode windows-amd64 compressed oops)
# Failed to write core dump. Minidumps are not enabled by default on client versions of Windows
#

---------------  T H R E A D  ---------------

Current thread (0x000000001a1de800):  JavaThread "C2 CompilerThread0" daemon [_thread_in_native, id=12368, stack(0x000000001aa00000,0x000000001ab00000)]

Stack: [0x000000001aa00000,0x000000001ab00000]
[error occurred during error reporting (printing stack bounds), id 0xc0000005]

Native frames: (J=compiled Java code, j=interpreted, Vv=VM code, C=native code)


Current CompileTask:
C2:  16946 11051       4       org.gradle.internal.component.model.ComponentAttributeMatcher::match (259 bytes)


---------------  P R O C E S S  ---------------

Java Threads: ( => current thread )
  0x0000000023224000 JavaThread "Memory manager" [_thread_blocked, id=13152, stack(0x000000002c6a0000,0x000000002c7a0000)]
  0x0000000023222800 JavaThread "Cache worker for execution history cache (E:\1JAVAsaves\MyApplication\.gradle\6.5\executionHistory)" [_thread_blocked, id=13576, stack(0x000000002da80000,0x000000002db80000)]
  0x000000001b162800 JavaThread "jar transforms Thread 92" [_thread_blocked, id=11724, stack(0x000000002bfa0000,0x000000002c0a0000)]
  0x000000001b160000 JavaThread "jar transforms Thread 91" [_thread_blocked, id=11720, stack(0x000000002bea0000,0x000000002bfa0000)]
  0x000000001b161800 JavaThread "jar transforms Thread 90" [_thread_blocked, id=11680, stack(0x000000002bda0000,0x000000002bea0000)]
  0x000000001b163800 JavaThread "jar transforms Thread 89" [_thread_blocked, id=16320, stack(0x000000002bca0000,0x000000002bda0000)]
  0x000000001b15f800 JavaThread "jar transforms Thread 88" [_thread_blocked, id=12628, stack(0x000000002bba0000,0x000000002bca0000)]
  0x000000001b158000 JavaThread "jar transforms Thread 87" [_thread_blocked, id=14444, stack(0x000000002baa0000,0x000000002bba0000)]
  0x000000001b15e000 JavaThread "jar transforms Thread 86" [_thread_blocked, id=8236, stack(0x000000002b9a0000,0x000000002baa0000)]
  0x000000001b15e800 JavaThread "jar transforms Thread 85" [_thread_blocked, id=15292, stack(0x000000002b8a0000,0x000000002b9a0000)]
  0x000000001b157000 JavaThread "jar transforms Thread 84" [_thread_blocked, id=10796, stack(0x000000002b7a0000,0x000000002b8a0000)]
  0x000000001b156800 JavaThread "jar transforms Thread 83" [_thread_blocked, id=10816, stack(0x000000002b6a0000,0x000000002b7a0000)]
  0x000000001b15d000 JavaThread "jar transforms Thread 82" [_thread_blocked, id=10792, stack(0x000000002b5a0000,0x000000002b6a0000)]
  0x000000001b155800 JavaThread "jar transforms Thread 81" [_thread_blocked, id=10812, stack(0x000000002b4a0000,0x000000002b5a0000)]
  0x000000001b15c800 JavaThread "jar transforms Thread 80" [_thread_blocked, id=2312, stack(0x000000002b3a0000,0x000000002b4a0000)]
  0x000000001b15b800 JavaThread "jar transforms Thread 79" [_thread_blocked, id=13068, stack(0x000000002b2a0000,0x000000002b3a0000)]
  0x000000001b15b000 JavaThread "jar transforms Thread 78" [_thread_blocked, id=3280, stack(0x000000002b1a0000,0x000000002b2a0000)]
  0x000000001b154000 JavaThread "jar transforms Thread 77" [_thread_blocked, id=9752, stack(0x000000002b0a0000,0x000000002b1a0000)]
  0x000000001b155000 JavaThread "jar transforms Thread 76" [_thread_blocked, id=10832, stack(0x000000002afa0000,0x000000002b0a0000)]
  0x000000001b15a000 JavaThread "jar transforms Thread 75" [_thread_blocked, id=10824, stack(0x000000002aea0000,0x000000002afa0000)]
  0x000000001b159800 JavaThread "jar transforms Thread 74" [_thread_blocked, id=10656, stack(0x000000002ada0000,0x000000002aea0000)]
  0x000000001b158800 JavaThread "jar transforms Thread 73" [_thread_blocked, id=10280, stack(0x000000002aca0000,0x000000002ada0000)]
  0x0000000022319000 JavaThread "jar transforms Thread 72" [_thread_blocked, id=10828, stack(0x000000002aba0000,0x000000002aca0000)]
  0x000000002231a000 JavaThread "jar transforms Thread 71" [_thread_blocked, id=9820, stack(0x000000002aaa0000,0x000000002aba0000)]
  0x0000000022318800 JavaThread "jar transforms Thread 70" [_thread_blocked, id=6044, stack(0x000000002a9a0000,0x000000002aaa0000)]
  0x0000000022317800 JavaThread "jar transforms Thread 69" [_thread_blocked, id=1708, stack(0x000000002a8a0000,0x000000002a9a0000)]
  0x0000000022317000 JavaThread "jar transforms Thread 68" [_thread_blocked, id=7188, stack(0x000000002a7a0000,0x000000002a8a0000)]
  0x0000000022316000 JavaThread "jar transforms Thread 67" [_thread_blocked, id=5116, stack(0x000000002a6a0000,0x000000002a7a0000)]
  0x0000000022315800 JavaThread "jar transforms Thread 66" [_thread_blocked, id=10716, stack(0x000000002a5a0000,0x000000002a6a0000)]
  0x000000002230d800 JavaThread "jar transforms Thread 65" [_thread_blocked, id=8240, stack(0x000000002a4a0000,0x000000002a5a0000)]
  0x0000000022314800 JavaThread "jar transforms Thread 64" [_thread_blocked, id=14872, stack(0x000000002a3a0000,0x000000002a4a0000)]
  0x000000002230d000 JavaThread "jar transforms Thread 63" [_thread_blocked, id=9828, stack(0x000000002a2a0000,0x000000002a3a0000)]
  0x0000000022313000 JavaThread "jar transforms Thread 62" [_thread_blocked, id=9916, stack(0x000000002a1a0000,0x000000002a2a0000)]
  0x0000000022310000 JavaThread "jar transforms Thread 61" [_thread_blocked, id=10952, stack(0x000000002a0a0000,0x000000002a1a0000)]
  0x000000002230f000 JavaThread "jar transforms Thread 60" [_thread_blocked, id=9964, stack(0x0000000029fa0000,0x000000002a0a0000)]
  0x0000000022312800 JavaThread "jar transforms Thread 59" [_thread_blocked, id=10904, stack(0x0000000029ea0000,0x0000000029fa0000)]
  0x000000002230e800 JavaThread "jar transforms Thread 58" [_thread_blocked, id=14408, stack(0x0000000029da0000,0x0000000029ea0000)]
  0x0000000022314000 JavaThread "jar transforms Thread 57" [_thread_blocked, id=5380, stack(0x0000000029ca0000,0x0000000029da0000)]
  0x000000002230a800 JavaThread "jar transforms Thread 56" [_thread_blocked, id=2568, stack(0x0000000029ba0000,0x0000000029ca0000)]
  0x0000000022311800 JavaThread "jar transforms Thread 55" [_thread_blocked, id=14284, stack(0x0000000029aa0000,0x0000000029ba0000)]
  0x000000002230b800 JavaThread "jar transforms Thread 54" [_thread_blocked, id=16216, stack(0x00000000299a0000,0x0000000029aa0000)]
  0x000000002230c000 JavaThread "jar transforms Thread 53" [_thread_blocked, id=16352, stack(0x00000000298a0000,0x00000000299a0000)]
  0x0000000022310800 JavaThread "jar transforms Thread 52" [_thread_blocked, id=16356, stack(0x00000000297a0000,0x00000000298a0000)]
  0x0000000023096800 JavaThread "jar transforms Thread 51" [_thread_blocked, id=16180, stack(0x00000000296a0000,0x00000000297a0000)]
  0x0000000023096000 JavaThread "jar transforms Thread 50" [_thread_blocked, id=4772, stack(0x00000000295a0000,0x00000000296a0000)]
  0x0000000023095000 JavaThread "jar transforms Thread 49" [_thread_blocked, id=3644, stack(0x00000000294a0000,0x00000000295a0000)]
  0x000000002308d800 JavaThread "jar transforms Thread 48" [_thread_blocked, id=14656, stack(0x00000000293a0000,0x00000000294a0000)]
  0x0000000023094000 JavaThread "jar transforms Thread 47" [_thread_blocked, id=12564, stack(0x00000000292a0000,0x00000000293a0000)]
  0x000000002308c800 JavaThread "jar transforms Thread 46" [_thread_blocked, id=15768, stack(0x00000000291a0000,0x00000000292a0000)]
  0x0000000023093800 JavaThread "jar transforms Thread 45" [_thread_blocked, id=15848, stack(0x00000000290a0000,0x00000000291a0000)]
  0x0000000023092000 JavaThread "jar transforms Thread 44" [_thread_blocked, id=5376, stack(0x0000000028fa0000,0x00000000290a0000)]
  0x000000002308c000 JavaThread "jar transforms Thread 43" [_thread_blocked, id=7588, stack(0x0000000028ea0000,0x0000000028fa0000)]
  0x000000002308f800 JavaThread "jar transforms Thread 42" [_thread_blocked, id=264, stack(0x0000000028da0000,0x0000000028ea0000)]
  0x0000000023092800 JavaThread "jar transforms Thread 41" [_thread_blocked, id=9240, stack(0x0000000028ca0000,0x0000000028da0000)]
  0x000000002308f000 JavaThread "jar transforms Thread 40" [_thread_blocked, id=15616, stack(0x0000000028ba0000,0x0000000028ca0000)]
  0x0000000023091000 JavaThread "jar transforms Thread 39" [_thread_blocked, id=7992, stack(0x0000000028aa0000,0x0000000028ba0000)]
  0x0000000023090800 JavaThread "jar transforms Thread 38" [_thread_blocked, id=10224, stack(0x00000000289a0000,0x0000000028aa0000)]
  0x000000002308e000 JavaThread "jar transforms Thread 37" [_thread_blocked, id=15916, stack(0x00000000288a0000,0x00000000289a0000)]
  0x0000000023088000 JavaThread "jar transforms Thread 36" [_thread_blocked, id=15772, stack(0x00000000287a0000,0x00000000288a0000)]
  0x000000002308a800 JavaThread "jar transforms Thread 35" [_thread_blocked, id=10976, stack(0x00000000286a0000,0x00000000287a0000)]
  0x0000000023089000 JavaThread "jar transforms Thread 34" [_thread_blocked, id=7236, stack(0x00000000285a0000,0x00000000286a0000)]
  0x000000002308b000 JavaThread "jar transforms Thread 33" [_thread_blocked, id=11908, stack(0x00000000284a0000,0x00000000285a0000)]
  0x0000000023087800 JavaThread "jar transforms Thread 32" [_thread_blocked, id=14384, stack(0x00000000283a0000,0x00000000284a0000)]
  0x0000000023089800 JavaThread "jar transforms Thread 31" [_thread_blocked, id=8476, stack(0x00000000282a0000,0x00000000283a0000)]
  0x0000000020a78000 JavaThread "jar transforms Thread 30" [_thread_blocked, id=13908, stack(0x00000000281a0000,0x00000000282a0000)]
  0x0000000020a77800 JavaThread "jar transforms Thread 29" [_thread_blocked, id=13160, stack(0x00000000280a0000,0x00000000281a0000)]
  0x0000000020a76800 JavaThread "jar transforms Thread 28" [_thread_blocked, id=1400, stack(0x0000000027fa0000,0x00000000280a0000)]
  0x0000000020a73000 JavaThread "jar transforms Thread 27" [_thread_blocked, id=16208, stack(0x0000000027ea0000,0x0000000027fa0000)]
  0x0000000020a75000 JavaThread "jar transforms Thread 26" [_thread_blocked, id=14672, stack(0x0000000027da0000,0x0000000027ea0000)]
  0x0000000020a74800 JavaThread "Build operations Thread 8" [_thread_blocked, id=8264, stack(0x0000000027ca0000,0x0000000027da0000)]
  0x0000000020a76000 JavaThread "Build operations Thread 7" [_thread_blocked, id=15536, stack(0x0000000027ba0000,0x0000000027ca0000)]
  0x0000000020a73800 JavaThread "Build operations Thread 6" [_thread_blocked, id=14876, stack(0x0000000027aa0000,0x0000000027ba0000)]
  0x0000000020a79000 JavaThread "Build operations Thread 5" [_thread_blocked, id=15912, stack(0x00000000279a0000,0x0000000027aa0000)]
  0x0000000020a6b800 JavaThread "Build operations Thread 4" [_thread_blocked, id=6264, stack(0x00000000278a0000,0x00000000279a0000)]
  0x0000000020a6d000 JavaThread "Build operations Thread 3" [_thread_blocked, id=3140, stack(0x00000000277a0000,0x00000000278a0000)]
  0x0000000020a72000 JavaThread "Build operations Thread 2" [_thread_blocked, id=14908, stack(0x00000000262a0000,0x00000000263a0000)]
  0x0000000020a6c000 JavaThread "Build operations" [_thread_blocked, id=11308, stack(0x0000000025f80000,0x0000000026080000)]
  0x0000000020a6a800 JavaThread "Cache worker for Build Output Cleanup Cache (E:\1JAVAsaves\MyApplication\.gradle\buildOutputCleanup)" [_thread_blocked, id=8448, stack(0x0000000025a60000,0x0000000025b60000)]
  0x0000000020a6e800 JavaThread "Cache worker for file content cache (C:\Users\娌瀵\.gradle\caches\6.5\fileContent)" [_thread_blocked, id=13088, stack(0x0000000025960000,0x0000000025a60000)]
  0x0000000020a6f000 JavaThread "Cache worker for execution history cache (C:\Users\娌瀵\.gradle\caches\6.5\executionHistory)" [_thread_blocked, id=9072, stack(0x0000000025460000,0x0000000025560000)]
  0x000000001c6b3000 JavaThread "Cache worker for cache directory md-rule (C:\Users\娌瀵\.gradle\caches\6.5\md-rule)" [_thread_blocked, id=14260, stack(0x0000000025160000,0x0000000025260000)]
  0x000000001c6b7800 JavaThread "Cache worker for cache directory md-supplier (C:\Users\娌瀵\.gradle\caches\6.5\md-supplier)" [_thread_blocked, id=3424, stack(0x0000000025060000,0x0000000025160000)]
  0x000000001c6b6800 JavaThread "Cache worker for checksums cache (E:\1JAVAsaves\MyApplication\.gradle\checksums)" [_thread_blocked, id=6744, stack(0x0000000024f60000,0x0000000025060000)]
  0x000000001c6b2000 JavaThread "jar transforms Thread 25" [_thread_blocked, id=3780, stack(0x0000000024c60000,0x0000000024d60000)]
  0x000000001c6b5000 JavaThread "jar transforms Thread 24" [_thread_blocked, id=10332, stack(0x0000000024b60000,0x0000000024c60000)]
  0x000000001c6b6000 JavaThread "jar transforms Thread 23" [_thread_blocked, id=10352, stack(0x0000000024a60000,0x0000000024b60000)]
  0x000000001c6b4800 JavaThread "jar transforms Thread 22" [_thread_blocked, id=9332, stack(0x0000000024960000,0x0000000024a60000)]
  0x000000001c6b1800 JavaThread "jar transforms Thread 21" [_thread_blocked, id=9140, stack(0x0000000024860000,0x0000000024960000)]
  0x000000001c6b3800 JavaThread "jar transforms Thread 20" [_thread_blocked, id=9108, stack(0x0000000024760000,0x0000000024860000)]
  0x000000001c6a9800 JavaThread "jar transforms Thread 19" [_thread_blocked, id=9112, stack(0x0000000024660000,0x0000000024760000)]
  0x000000001c6b0800 JavaThread "jar transforms Thread 18" [_thread_blocked, id=9104, stack(0x0000000024560000,0x0000000024660000)]
  0x000000001c6b0000 JavaThread "jar transforms Thread 17" [_thread_blocked, id=9088, stack(0x0000000024460000,0x0000000024560000)]
  0x000000001c6ac000 JavaThread "jar transforms Thread 16" [_thread_blocked, id=8876, stack(0x0000000024360000,0x0000000024460000)]
  0x000000001c6ab000 JavaThread "jar transforms Thread 15" [_thread_blocked, id=15784, stack(0x0000000024260000,0x0000000024360000)]
  0x000000001c6a9000 JavaThread "jar transforms Thread 14" [_thread_blocked, id=8808, stack(0x0000000024160000,0x0000000024260000)]
  0x000000001c6a8000 JavaThread "jar transforms Thread 13" [_thread_blocked, id=8988, stack(0x0000000024060000,0x0000000024160000)]
  0x000000001c6af000 JavaThread "jar transforms Thread 12" [_thread_blocked, id=8644, stack(0x0000000023f60000,0x0000000024060000)]
  0x000000001c6ad000 JavaThread "jar transforms Thread 11" [_thread_blocked, id=8560, stack(0x0000000023e60000,0x0000000023f60000)]
  0x000000001c6aa800 JavaThread "jar transforms Thread 10" [_thread_blocked, id=10908, stack(0x0000000023d60000,0x0000000023e60000)]
  0x000000001c6ae800 JavaThread "jar transforms Thread 9" [_thread_blocked, id=5372, stack(0x0000000023c60000,0x0000000023d60000)]
  0x000000001c6ad800 JavaThread "jar transforms Thread 8" [_thread_blocked, id=11100, stack(0x0000000023b60000,0x0000000023c60000)]
  0x000000001ca53800 JavaThread "jar transforms Thread 7" [_thread_blocked, id=8592, stack(0x00000000229f0000,0x0000000022af0000)]
  0x000000001ca53000 JavaThread "jar transforms Thread 6" [_thread_blocked, id=8360, stack(0x00000000228f0000,0x00000000229f0000)]
  0x000000001ca51800 JavaThread "jar transforms Thread 5" [_thread_blocked, id=8296, stack(0x00000000227f0000,0x00000000228f0000)]
  0x000000001ca50800 JavaThread "jar transforms Thread 4" [_thread_blocked, id=8372, stack(0x0000000021470000,0x0000000021570000)]
  0x000000001ca50000 JavaThread "jar transforms Thread 3" [_thread_blocked, id=8300, stack(0x0000000021370000,0x0000000021470000)]
  0x000000001ca4f000 JavaThread "jar transforms Thread 2" [_thread_blocked, id=8280, stack(0x0000000021270000,0x0000000021370000)]
  0x000000001ca52000 JavaThread "jar transforms" [_thread_blocked, id=8224, stack(0x0000000021170000,0x0000000021270000)]
  0x000000001ca4e800 JavaThread "Cache worker for file hash cache (E:\1JAVAsaves\MyApplication\.gradle\6.5\fileHashes)" [_thread_blocked, id=1372, stack(0x000000001ee70000,0x000000001ef70000)]
  0x000000001ca54800 JavaThread "Cache worker for file hash cache (C:\Users\娌瀵\.gradle\caches\6.5\fileHashes)" [_thread_blocked, id=1584, stack(0x000000001ed70000,0x000000001ee70000)]
  0x000000001ca55000 JavaThread "File lock request listener" [_thread_in_native, id=5552, stack(0x000000001ec70000,0x000000001ed70000)]
  0x000000001b606800 JavaThread "Cache worker for journal cache (C:\Users\娌瀵\.gradle\caches\journal-1)" [_thread_blocked, id=15984, stack(0x000000001eb70000,0x000000001ec70000)]
  0x000000001cbbd000 JavaThread "Thread-9" [_thread_blocked, id=7688, stack(0x000000001e870000,0x000000001e970000)]
  0x000000001c327800 JavaThread "Stdin handler" [_thread_blocked, id=16124, stack(0x000000001e770000,0x000000001e870000)]
  0x000000001ccb3000 JavaThread "Asynchronous log dispatcher for DefaultDaemonConnection: socket connection from /127.0.0.1:3012 to /127.0.0.1:3013" [_thread_blocked, id=10192, stack(0x000000001e670000,0x000000001e770000)]
  0x000000001cbc2000 JavaThread "Daemon worker" [_thread_in_Java, id=15436, stack(0x000000001e570000,0x000000001e670000)]
  0x000000001ccb4800 JavaThread "Cancel handler" [_thread_blocked, id=12572, stack(0x000000001e370000,0x000000001e470000)]
  0x000000001cb5b800 JavaThread "Handler for socket connection from /127.0.0.1:3012 to /127.0.0.1:3013" [_thread_in_native, id=16308, stack(0x000000001e270000,0x000000001e370000)]
  0x000000001cb54000 JavaThread "Daemon" [_thread_blocked, id=15528, stack(0x000000001e170000,0x000000001e270000)]
  0x000000001cb5d800 JavaThread "Daemon periodic checks" [_thread_blocked, id=12772, stack(0x000000001de70000,0x000000001df70000)]
  0x000000001cb38000 JavaThread "Incoming local TCP Connector on port 3012" [_thread_in_native, id=14520, stack(0x000000001dcc0000,0x000000001ddc0000)]
  0x000000001cab3800 JavaThread "Daemon health stats" [_thread_blocked, id=11268, stack(0x000000001d9a0000,0x000000001daa0000)]
  0x000000001a2c6000 JavaThread "Service Thread" daemon [_thread_blocked, id=15500, stack(0x000000001ae00000,0x000000001af00000)]
  0x000000001a240000 JavaThread "C1 CompilerThread3" daemon [_thread_in_vm, id=16176, stack(0x000000001ad00000,0x000000001ae00000)]
  0x000000001a239000 JavaThread "C2 CompilerThread2" daemon [_thread_in_native, id=15004, stack(0x000000001ac00000,0x000000001ad00000)]
  0x00000000183ca000 JavaThread "C2 CompilerThread1" daemon [_thread_in_native, id=15720, stack(0x000000001ab00000,0x000000001ac00000)]
=>0x000000001a1de800 JavaThread "C2 CompilerThread0" daemon [_thread_in_native, id=12368, stack(0x000000001aa00000,0x000000001ab00000)]
  0x000000001a1dc000 JavaThread "Attach Listener" daemon [_thread_blocked, id=12372, stack(0x000000001a900000,0x000000001aa00000)]
  0x000000001a1c6800 JavaThread "Signal Dispatcher" daemon [_thread_blocked, id=4820, stack(0x000000001a800000,0x000000001a900000)]
  0x000000000334c800 JavaThread "Finalizer" daemon [_thread_blocked, id=3356, stack(0x000000001a6a0000,0x000000001a7a0000)]
  0x000000001a1c0800 JavaThread "Reference Handler" daemon [_thread_blocked, id=11612, stack(0x000000001a5a0000,0x000000001a6a0000)]
  0x0000000003252800 JavaThread "main" [_thread_blocked, id=7468, stack(0x0000000002da0000,0x0000000002ea0000)]

Other Threads:
  0x00000000183b8800 VMThread [stack: 0x000000001a0a0000,0x000000001a1a0000] [id=11608]
  0x000000001a2c7800 WatcherThread [stack: 0x000000001af00000,0x000000001b000000] [id=14196]

VM state:not at safepoint (normal execution)

VM Mutex/Monitor currently owned by a thread: None

heap address: 0x0000000080000000, size: 2048 MB, Compressed Oops mode: 32-bit
Narrow klass base: 0x0000000000000000, Narrow klass shift: 3
Compressed class space size: 1073741824 Address: 0x0000000100000000

Heap:
 PSYoungGen      total 189952K, used 83447K [0x00000000d5580000, 0x00000000e4b00000, 0x0000000100000000)
  eden space 166400K, 35% used [0x00000000d5580000,0x00000000d8fffa18,0x00000000df800000)
  from space 23552K, 99% used [0x00000000df800000,0x00000000e0efe4d0,0x00000000e0f00000)
  to   space 29696K, 0% used [0x00000000e2e00000,0x00000000e2e00000,0x00000000e4b00000)
 ParOldGen       total 152064K, used 58640K [0x0000000080000000, 0x0000000089480000, 0x00000000d5580000)
  object space 152064K, 38% used [0x0000000080000000,0x00000000839441d0,0x0000000089480000)
 Metaspace       used 75765K, capacity 80916K, committed 81240K, reserved 1118208K
  class space    used 10407K, capacity 11523K, committed 11648K, reserved 1048576K

Card table byte_map: [0x0000000012710000,0x0000000012b20000] byte_map_base: 0x0000000012310000

Marking Bits: (ParMarkBitMap*) 0x0000000074e9f030
 Begin Bits: [0x00000000135d0000, 0x00000000155d0000)
 End Bits:   [0x00000000155d0000, 0x00000000175d0000)

Polling page: 0x0000000000df0000

CodeCache: size=245760Kb used=31131Kb max_used=31131Kb free=214628Kb
 bounds [0x0000000003350000, 0x00000000051e0000, 0x0000000012350000]
 total_blobs=10619 nmethods=9810 adapters=720
 compilation: enabled

Compilation events (10 events):
Event: 16.915 Thread 0x000000001a240000 nmethod 11127 0x00000000051a8a50 code [0x00000000051a8ba0, 0x00000000051a8cf0]
Event: 16.915 Thread 0x000000001a240000 11128       3       org.apache.commons.lang.StringUtils::substringAfterLast (57 bytes)
Event: 16.916 Thread 0x000000001a240000 nmethod 11128 0x00000000051a8d90 code [0x00000000051a8f80, 0x00000000051a9b58]
Event: 16.916 Thread 0x000000001a240000 11129       3       org.gradle.api.internal.artifacts.dsl.ArtifactFile::<init> (10 bytes)
Event: 16.917 Thread 0x000000001a240000 nmethod 11129 0x00000000051aa010 code [0x00000000051aa180, 0x00000000051aa378]
Event: 16.917 Thread 0x000000001a240000 11130       3       org.gradle.api.internal.artifacts.dsl.ArtifactFile::<init> (281 bytes)
Event: 16.919 Thread 0x000000001a240000 nmethod 11130 0x00000000051aa490 code [0x00000000051aa7c0, 0x00000000051ac4a8]
Event: 16.919 Thread 0x000000001a240000 11131       3       org.gradle.api.internal.artifacts.ivyservice.resolveengine.graph.conflicts.DefaultConflictResolverDetails::<init> (10 bytes)
Event: 16.919 Thread 0x000000001a240000 nmethod 11131 0x00000000051ad210 code [0x00000000051ad360, 0x00000000051ad530]
Event: 16.919 Thread 0x000000001a240000 11134   !   3       sun.reflect.GeneratedConstructorAccessor177::newInstance (93 bytes)

GC Heap History (10 events):
Event: 10.062 GC heap before
{Heap before GC invocations=14 (full 2):
 PSYoungGen      total 153600K, used 96378K [0x00000000d5580000, 0x00000000e0480000, 0x0000000100000000)
  eden space 141824K, 59% used [0x00000000d5580000,0x00000000da81f6c0,0x00000000de000000)
  from space 11776K, 99% used [0x00000000de000000,0x00000000deb7f300,0x00000000deb80000)
  to   space 15360K, 0% used [0x00000000df580000,0x00000000df580000,0x00000000e0480000)
 ParOldGen       total 93184K, used 20946K [0x0000000080000000, 0x0000000085b00000, 0x00000000d5580000)
  object space 93184K, 22% used [0x0000000080000000,0x0000000081474850,0x0000000085b00000)
 Metaspace       used 56124K, capacity 58840K, committed 58968K, reserved 1099776K
  class space    used 7643K, capacity 8209K, committed 8320K, reserved 1048576K
Event: 10.079 GC heap after
Heap after GC invocations=14 (full 2):
 PSYoungGen      total 159232K, used 15344K [0x00000000d5580000, 0x00000000e2000000, 0x0000000100000000)
  eden space 143872K, 0% used [0x00000000d5580000,0x00000000d5580000,0x00000000de200000)
  from space 15360K, 99% used [0x00000000df580000,0x00000000e047c150,0x00000000e0480000)
  to   space 19968K, 0% used [0x00000000de200000,0x00000000de200000,0x00000000df580000)
 ParOldGen       total 93184K, used 28367K [0x0000000080000000, 0x0000000085b00000, 0x00000000d5580000)
  object space 93184K, 30% used [0x0000000080000000,0x0000000081bb3ed0,0x0000000085b00000)
 Metaspace       used 56124K, capacity 58840K, committed 58968K, reserved 1099776K
  class space    used 7643K, capacity 8209K, committed 8320K, reserved 1048576K
}
Event: 10.079 GC heap before
{Heap before GC invocations=15 (full 3):
 PSYoungGen      total 159232K, used 15344K [0x00000000d5580000, 0x00000000e2000000, 0x0000000100000000)
  eden space 143872K, 0% used [0x00000000d5580000,0x00000000d5580000,0x00000000de200000)
  from space 15360K, 99% used [0x00000000df580000,0x00000000e047c150,0x00000000e0480000)
  to   space 19968K, 0% used [0x00000000de200000,0x00000000de200000,0x00000000df580000)
 ParOldGen       total 93184K, used 28367K [0x0000000080000000, 0x0000000085b00000, 0x00000000d5580000)
  object space 93184K, 30% used [0x0000000080000000,0x0000000081bb3ed0,0x0000000085b00000)
 Metaspace       used 56124K, capacity 58840K, committed 58968K, reserved 1099776K
  class space    used 7643K, capacity 8209K, committed 8320K, reserved 1048576K
Event: 10.282 GC heap after
Heap after GC invocations=15 (full 3):
 PSYoungGen      total 159232K, used 0K [0x00000000d5580000, 0x00000000e2000000, 0x0000000100000000)
  eden space 143872K, 0% used [0x00000000d5580000,0x00000000d5580000,0x00000000de200000)
  from space 15360K, 0% used [0x00000000df580000,0x00000000df580000,0x00000000e0480000)
  to   space 19968K, 0% used [0x00000000de200000,0x00000000de200000,0x00000000df580000)
 ParOldGen       total 152064K, used 35709K [0x0000000080000000, 0x0000000089480000, 0x00000000d5580000)
  object space 152064K, 23% used [0x0000000080000000,0x00000000822df728,0x0000000089480000)
 Metaspace       used 56076K, capacity 58678K, committed 58968K, reserved 1099776K
  class space    used 7628K, capacity 8182K, committed 8320K, reserved 1048576K
}
Event: 12.224 GC heap before
{Heap before GC invocations=16 (full 3):
 PSYoungGen      total 159232K, used 143872K [0x00000000d5580000, 0x00000000e2000000, 0x0000000100000000)
  eden space 143872K, 100% used [0x00000000d5580000,0x00000000de200000,0x00000000de200000)
  from space 15360K, 0% used [0x00000000df580000,0x00000000df580000,0x00000000e0480000)
  to   space 19968K, 0% used [0x00000000de200000,0x00000000de200000,0x00000000df580000)
 ParOldGen       total 152064K, used 35709K [0x0000000080000000, 0x0000000089480000, 0x00000000d5580000)
  object space 152064K, 23% used [0x0000000080000000,0x00000000822df728,0x0000000089480000)
 Metaspace       used 62203K, capacity 65808K, committed 65880K, reserved 1105920K
  class space    used 8499K, capacity 9328K, committed 9344K, reserved 1048576K
Event: 12.244 GC heap after
Heap after GC invocations=16 (full 3):
 PSYoungGen      total 163840K, used 19940K [0x00000000d5580000, 0x00000000e2580000, 0x0000000100000000)
  eden space 143872K, 0% used [0x00000000d5580000,0x00000000d5580000,0x00000000de200000)
  from space 19968K, 99% used [0x00000000de200000,0x00000000df579248,0x00000000df580000)
  to   space 23040K, 0% used [0x00000000e0f00000,0x00000000e0f00000,0x00000000e2580000)
 ParOldGen       total 152064K, used 36231K [0x0000000080000000, 0x0000000089480000, 0x00000000d5580000)
  object space 152064K, 23% used [0x0000000080000000,0x0000000082361e48,0x0000000089480000)
 Metaspace       used 62203K, capacity 65808K, committed 65880K, reserved 1105920K
  class space    used 8499K, capacity 9328K, committed 9344K, reserved 1048576K
}
Event: 14.214 GC heap before
{Heap before GC invocations=17 (full 3):
 PSYoungGen      total 163840K, used 163812K [0x00000000d5580000, 0x00000000e2580000, 0x0000000100000000)
  eden space 143872K, 100% used [0x00000000d5580000,0x00000000de200000,0x00000000de200000)
  from space 19968K, 99% used [0x00000000de200000,0x00000000df579248,0x00000000df580000)
  to   space 23040K, 0% used [0x00000000e0f00000,0x00000000e0f00000,0x00000000e2580000)
 ParOldGen       total 152064K, used 36231K [0x0000000080000000, 0x0000000089480000, 0x00000000d5580000)
  object space 152064K, 23% used [0x0000000080000000,0x0000000082361e48,0x0000000089480000)
 Metaspace       used 68389K, capacity 72430K, committed 72536K, reserved 1112064K
  class space    used 9399K, capacity 10329K, committed 10368K, reserved 1048576K
Event: 14.239 GC heap after
Heap after GC invocations=17 (full 3):
 PSYoungGen      total 189440K, used 15998K [0x00000000d5580000, 0x00000000e2680000, 0x0000000100000000)
  eden space 166400K, 0% used [0x00000000d5580000,0x00000000d5580000,0x00000000df800000)
  from space 23040K, 69% used [0x00000000e0f00000,0x00000000e1e9f8f8,0x00000000e2580000)
  to   space 23552K, 0% used [0x00000000df800000,0x00000000df800000,0x00000000e0f00000)
 ParOldGen       total 152064K, used 52158K [0x0000000080000000, 0x0000000089480000, 0x00000000d5580000)
  object space 152064K, 34% used [0x0000000080000000,0x00000000832ef948,0x0000000089480000)
 Metaspace       used 68389K, capacity 72430K, committed 72536K, reserved 1112064K
  class space    used 9399K, capacity 10329K, committed 10368K, reserved 1048576K
}
Event: 16.471 GC heap before
{Heap before GC invocations=18 (full 3):
 PSYoungGen      total 189440K, used 182398K [0x00000000d5580000, 0x00000000e2680000, 0x0000000100000000)
  eden space 166400K, 100% used [0x00000000d5580000,0x00000000df800000,0x00000000df800000)
  from space 23040K, 69% used [0x00000000e0f00000,0x00000000e1e9f8f8,0x00000000e2580000)
  to   space 23552K, 0% used [0x00000000df800000,0x00000000df800000,0x00000000e0f00000)
 ParOldGen       total 152064K, used 52158K [0x0000000080000000, 0x0000000089480000, 0x00000000d5580000)
  object space 152064K, 34% used [0x0000000080000000,0x00000000832ef948,0x0000000089480000)
 Metaspace       used 75553K, capacity 80682K, committed 80856K, reserved 1118208K
  class space    used 10403K, capacity 11516K, committed 11520K, reserved 1048576K
Event: 16.492 GC heap after
Heap after GC invocations=18 (full 3):
 PSYoungGen      total 189952K, used 23545K [0x00000000d5580000, 0x00000000e4b00000, 0x0000000100000000)
  eden space 166400K, 0% used [0x00000000d5580000,0x00000000d5580000,0x00000000df800000)
  from space 23552K, 99% used [0x00000000df800000,0x00000000e0efe4d0,0x00000000e0f00000)
  to   space 29696K, 0% used [0x00000000e2e00000,0x00000000e2e00000,0x00000000e4b00000)
 ParOldGen       total 152064K, used 58640K [0x0000000080000000, 0x0000000089480000, 0x00000000d5580000)
  object space 152064K, 38% used [0x0000000080000000,0x00000000839441d0,0x0000000089480000)
 Metaspace       used 75553K, capacity 80682K, committed 80856K, reserved 1118208K
  class space    used 10403K, capacity 11516K, committed 11520K, reserved 1048576K
}

Deoptimization events (10 events):
Event: 16.518 Thread 0x0000000020a72000 Uncommon trap: reason=class_check action=maybe_recompile pc=0x0000000004e00cd8 method=com.google.common.cache.LocalCache$Segment.get(Ljava/lang/Object;I)Ljava/lang/Object; @ 49
Event: 16.518 Thread 0x0000000020a6c000 Uncommon trap: reason=class_check action=maybe_recompile pc=0x0000000004e00cd8 method=com.google.common.cache.LocalCache$Segment.get(Ljava/lang/Object;I)Ljava/lang/Object; @ 49
Event: 16.525 Thread 0x000000001ccb3000 Uncommon trap: reason=unstable_if action=reinterpret pc=0x000000000443fb00 method=com.esotericsoftware.kryo.io.Output.writeVarLong(JZ)I @ 55
Event: 16.561 Thread 0x000000001cbc2000 Uncommon trap: reason=class_check action=maybe_recompile pc=0x0000000004e00cd8 method=com.google.common.cache.LocalCache$Segment.get(Ljava/lang/Object;I)Ljava/lang/Object; @ 49
Event: 16.743 Thread 0x0000000020a6d000 Uncommon trap: reason=unstable_if action=reinterpret pc=0x000000000446df94 method=org.gradle.internal.time.MonotonicClock.advance(J)J @ 25
Event: 16.767 Thread 0x000000001cbc2000 Uncommon trap: reason=class_check action=maybe_recompile pc=0x000000000516989c method=org.gradle.internal.component.model.ImmutableModuleSources.getSource(Ljava/lang/Class;)Ljava/util/Optional; @ 32
Event: 16.768 Thread 0x000000001cbc2000 Uncommon trap: reason=class_check action=maybe_recompile pc=0x000000000516989c method=org.gradle.internal.component.model.ImmutableModuleSources.getSource(Ljava/lang/Class;)Ljava/util/Optional; @ 32
Event: 16.768 Thread 0x000000001cbc2000 Uncommon trap: reason=class_check action=maybe_recompile pc=0x000000000516989c method=org.gradle.internal.component.model.ImmutableModuleSources.getSource(Ljava/lang/Class;)Ljava/util/Optional; @ 32
Event: 16.769 Thread 0x0000000020a6d000 Uncommon trap: reason=class_check action=maybe_recompile pc=0x000000000516989c method=org.gradle.internal.component.model.ImmutableModuleSources.getSource(Ljava/lang/Class;)Ljava/util/Optional; @ 32
Event: 16.769 Thread 0x0000000020a79000 Uncommon trap: reason=class_check action=maybe_recompile pc=0x000000000516989c method=org.gradle.internal.component.model.ImmutableModuleSources.getSource(Ljava/lang/Class;)Ljava/util/Optional; @ 32

Classes redefined (0 events):
No events

Internal exceptions (10 events):
Event: 15.017 Thread 0x000000001cbc2000 Exception <a 'java/lang/NoSuchMethodError': java.lang.Object.lambda$flatMap$0(Ljava/lang/Throwable;)Lorg/gradle/api/internal/artifacts/transform/CacheableInvocation;> (0x00000000d9de57c0) thrown at [C:\src\AOSP-openjdk-git\hotspot\src\share\vm\interpreter
Event: 15.331 Thread 0x000000001cbc2000 Exception <a 'java/lang/NoSuchMethodError': java.lang.Object.lambda$negate$1(Ljava/lang/Object;)Z> (0x00000000db6aaa38) thrown at [C:\src\AOSP-openjdk-git\hotspot\src\share\vm\interpreter\linkResolver.cpp, line 620]
Event: 15.511 Thread 0x000000001cbc2000 Exception <a 'java/lang/NoSuchMethodError': java.lang.Object.lambda$static$0(Lorg/gradle/internal/snapshot/SnapshotHierarchy$DiffCapturingUpdateFunction;Lorg/gradle/internal/snapshot/SnapshotHierarchy;)Lorg/gradle/internal/snapshot/SnapshotHierarchy;> (0x
Event: 15.865 Thread 0x000000001cbc2000 Exception <a 'java/lang/reflect/InvocationTargetException'> (0x00000000dca47c18) thrown at [C:\src\AOSP-openjdk-git\hotspot\src\share\vm\runtime\reflection.cpp, line 1092]
Event: 16.160 Thread 0x000000001cbc2000 Exception <a 'java/lang/reflect/InvocationTargetException'> (0x00000000dd8699b8) thrown at [C:\src\AOSP-openjdk-git\hotspot\src\share\vm\runtime\reflection.cpp, line 1092]
Event: 16.293 Thread 0x000000001cbc2000 Exception <a 'java/lang/reflect/InvocationTargetException'> (0x00000000de62aae0) thrown at [C:\src\AOSP-openjdk-git\hotspot\src\share\vm\runtime\reflection.cpp, line 1092]
Event: 16.422 Thread 0x000000001cbc2000 Exception <a 'java/lang/reflect/InvocationTargetException'> (0x00000000df4ca490) thrown at [C:\src\AOSP-openjdk-git\hotspot\src\share\vm\runtime\reflection.cpp, line 1092]
Event: 16.646 Thread 0x000000001cbc2000 Exception <a 'java/lang/reflect/InvocationTargetException'> (0x00000000d69cca98) thrown at [C:\src\AOSP-openjdk-git\hotspot\src\share\vm\runtime\reflection.cpp, line 1092]
Event: 16.756 Thread 0x000000001cbc2000 Exception <a 'java/lang/reflect/InvocationTargetException'> (0x00000000d778df88) thrown at [C:\src\AOSP-openjdk-git\hotspot\src\share\vm\runtime\reflection.cpp, line 1092]
Event: 16.911 Thread 0x000000001cbc2000 Exception <a 'java/lang/reflect/InvocationTargetException'> (0x00000000d855ccc8) thrown at [C:\src\AOSP-openjdk-git\hotspot\src\share\vm\runtime\reflection.cpp, line 1092]

Events (10 events):
Event: 16.768 Thread 0x000000001cbc2000 DEOPT UNPACKING pc=0x000000000339557b sp=0x000000001e6695d0 mode 2
Event: 16.768 Thread 0x000000001cbc2000 Uncommon trap: trap_request=0xffffffde fr.pc=0x000000000516989c
Event: 16.768 Thread 0x000000001cbc2000 DEOPT PACKING pc=0x000000000516989c sp=0x000000001e669630
Event: 16.768 Thread 0x000000001cbc2000 DEOPT UNPACKING pc=0x000000000339557b sp=0x000000001e6695d0 mode 2
Event: 16.769 Thread 0x0000000020a6d000 Uncommon trap: trap_request=0xffffffde fr.pc=0x000000000516989c
Event: 16.769 Thread 0x0000000020a79000 Uncommon trap: trap_request=0xffffffde fr.pc=0x000000000516989c
Event: 16.769 Thread 0x0000000020a6d000 DEOPT PACKING pc=0x000000000516989c sp=0x000000002789e360
Event: 16.769 Thread 0x0000000020a79000 DEOPT PACKING pc=0x000000000516989c sp=0x0000000027a9e8c0
Event: 16.769 Thread 0x0000000020a6d000 DEOPT UNPACKING pc=0x000000000339557b sp=0x000000002789e300 mode 2
Event: 16.769 Thread 0x0000000020a79000 DEOPT UNPACKING pc=0x000000000339557b sp=0x0000000027a9e860 mode 2


Dynamic libraries:
0x00007ff635e00000 - 0x00007ff635e31000 	E:\3_program_software\Android Studio\jre\bin\java.exe
0x00007ffb276e0000 - 0x00007ffb278d0000 	C:\WINDOWS\SYSTEM32\ntdll.dll
0x00007ffb25f70000 - 0x00007ffb26022000 	C:\WINDOWS\System32\KERNEL32.DLL
0x00007ffb253f0000 - 0x00007ffb25695000 	C:\WINDOWS\System32\KERNELBASE.dll
0x00007ffb27530000 - 0x00007ffb275d3000 	C:\WINDOWS\System32\ADVAPI32.dll
0x00007ffb25b90000 - 0x00007ffb25c2e000 	C:\WINDOWS\System32\msvcrt.dll
0x00007ffb275e0000 - 0x00007ffb27677000 	C:\WINDOWS\System32\sechost.dll
0x00007ffb259c0000 - 0x00007ffb25adf000 	C:\WINDOWS\System32\RPCRT4.dll
0x00007ffb26c40000 - 0x00007ffb26dd4000 	C:\WINDOWS\System32\USER32.dll
0x00007ffb24850000 - 0x00007ffb24871000 	C:\WINDOWS\System32\win32u.dll
0x00007ffb258d0000 - 0x00007ffb258f6000 	C:\WINDOWS\System32\GDI32.dll
0x00007ffb24880000 - 0x00007ffb24a18000 	C:\WINDOWS\System32\gdi32full.dll
0x00007ffb25350000 - 0x00007ffb253ee000 	C:\WINDOWS\System32\msvcp_win.dll
0x00007ffb24700000 - 0x00007ffb247fa000 	C:\WINDOWS\System32\ucrtbase.dll
0x00007ffb10b60000 - 0x00007ffb10de4000 	C:\WINDOWS\WinSxS\amd64_microsoft.windows.common-controls_6595b64144ccf1df_6.0.18362.1440_none_9e7dbfb9e45e8e67\COMCTL32.dll
0x00007ffb25c30000 - 0x00007ffb25f66000 	C:\WINDOWS\System32\combase.dll
0x00007ffb256a0000 - 0x00007ffb25721000 	C:\WINDOWS\System32\bcryptPrimitives.dll
0x00007ffb25900000 - 0x00007ffb2592e000 	C:\WINDOWS\System32\IMM32.DLL
0x0000000073b80000 - 0x0000000073c52000 	E:\3_program_software\Android Studio\jre\jre\bin\msvcr100.dll
0x00000000746d0000 - 0x0000000074f1b000 	E:\3_program_software\Android Studio\jre\jre\bin\server\jvm.dll
0x00007ffb259b0000 - 0x00007ffb259b8000 	C:\WINDOWS\System32\PSAPI.DLL
0x00007ffb16640000 - 0x00007ffb16649000 	C:\WINDOWS\SYSTEM32\WSOCK32.dll
0x00007ffb271e0000 - 0x00007ffb2724f000 	C:\WINDOWS\System32\WS2_32.dll
0x00007ffb22500000 - 0x00007ffb22524000 	C:\WINDOWS\SYSTEM32\WINMM.dll
0x00007ffb24160000 - 0x00007ffb2416a000 	C:\WINDOWS\SYSTEM32\VERSION.dll
0x00007ffb22160000 - 0x00007ffb2218d000 	C:\WINDOWS\SYSTEM32\winmmbase.dll
0x00007ffb24800000 - 0x00007ffb2484a000 	C:\WINDOWS\System32\cfgmgr32.dll
0x00007ffb133b0000 - 0x00007ffb133bf000 	E:\3_program_software\Android Studio\jre\jre\bin\verify.dll
0x00007ffafbea0000 - 0x00007ffafbec9000 	E:\3_program_software\Android Studio\jre\jre\bin\java.dll
0x00007ffb0ef80000 - 0x00007ffb0ef96000 	E:\3_program_software\Android Studio\jre\jre\bin\zip.dll
0x00007ffb26030000 - 0x00007ffb26718000 	C:\WINDOWS\System32\SHELL32.dll
0x00007ffb25ae0000 - 0x00007ffb25b87000 	C:\WINDOWS\System32\shcore.dll
0x00007ffb24a50000 - 0x00007ffb251cb000 	C:\WINDOWS\System32\windows.storage.dll
0x00007ffb24610000 - 0x00007ffb2462e000 	C:\WINDOWS\System32\profapi.dll
0x00007ffb245a0000 - 0x00007ffb245ea000 	C:\WINDOWS\System32\powrprof.dll
0x00007ffb24590000 - 0x00007ffb245a0000 	C:\WINDOWS\System32\UMPDC.dll
0x00007ffb26e00000 - 0x00007ffb26e52000 	C:\WINDOWS\System32\shlwapi.dll
0x00007ffb24630000 - 0x00007ffb24641000 	C:\WINDOWS\System32\kernel.appcore.dll
0x00007ffb25330000 - 0x00007ffb25347000 	C:\WINDOWS\System32\cryptsp.dll
0x00007ffb06010000 - 0x00007ffb0602a000 	E:\3_program_software\Android Studio\jre\jre\bin\net.dll
0x00007ffb23d60000 - 0x00007ffb23dc7000 	C:\WINDOWS\system32\mswsock.dll
0x00007ffafbd80000 - 0x00007ffafbd93000 	E:\3_program_software\Android Studio\jre\jre\bin\nio.dll
0x00007ffb20df0000 - 0x00007ffb20e17000 	C:\Users\暮光沉寂\.gradle\native\f6784746aeab05261644944871eae4fe03e0ef1612fff0a4a95f87b438bc6780\windows-amd64\native-platform.dll
0x00007ffb1ee80000 - 0x00007ffb1ee8d000 	E:\3_program_software\Android Studio\jre\jre\bin\management.dll
0x00007ffb238e0000 - 0x00007ffb23913000 	C:\WINDOWS\system32\rsaenh.dll
0x00007ffb24a20000 - 0x00007ffb24a46000 	C:\WINDOWS\System32\bcrypt.dll
0x00007ffb244b0000 - 0x00007ffb244d5000 	C:\WINDOWS\SYSTEM32\USERENV.dll
0x00007ffb23f30000 - 0x00007ffb23f3c000 	C:\WINDOWS\SYSTEM32\CRYPTBASE.dll
0x00007ffb23a70000 - 0x00007ffb23aaa000 	C:\WINDOWS\SYSTEM32\IPHLPAPI.DLL
0x00007ffb26df0000 - 0x00007ffb26df8000 	C:\WINDOWS\System32\NSI.dll
0x00007ffb1bf40000 - 0x00007ffb1bf56000 	C:\WINDOWS\SYSTEM32\dhcpcsvc6.DLL
0x00007ffb1be40000 - 0x00007ffb1be5c000 	C:\WINDOWS\SYSTEM32\dhcpcsvc.DLL
0x00007ffb23ab0000 - 0x00007ffb23b7b000 	C:\WINDOWS\SYSTEM32\DNSAPI.dll
0x00007ffb1e0e0000 - 0x00007ffb1e0eb000 	C:\WINDOWS\SYSTEM32\WINNSI.DLL

VM Arguments:
jvm_args: -Xmx2048m -Dfile.encoding=UTF-8 -Duser.country=CN -Duser.language=zh -Duser.variant 
java_command: org.gradle.launcher.daemon.bootstrap.GradleDaemon 6.5
java_class_path (initial): C:\Users\暮光沉寂\.gradle\wrapper\dists\gradle-6.5-bin\6nifqtx7604sqp1q6g8wikw7p\gradle-6.5\lib\gradle-launcher-6.5.jar
Launcher Type: SUN_STANDARD

Environment Variables:
JAVA_HOME=C:\Program Files\Java\jdk1.8.0_192
CLASSPATH=.;C:\Program Files\Java\jdk1.8.0_192\lib\dt.jar;C:\Program Files\Java\jdk1.8.0_192\lib\tools.jar;
PATH=D:\software\anaconda;D:\software\anaconda\Library\mingw-w64\bin;D:\software\anaconda\Library\usr\bin;D:\software\anaconda\Library\bin;D:\software\anaconda\Scripts;C:\Program Files\Java\jdk1.8.0_192\bin;D:\software\opencv\build\x64\vc14\bin;C:\Program Files\dotnet\;C:\mingw64\bin;D:\software\android-sdk\tools;F:\python\Scripts\;F:\python\;C:\Program Files (x86)\Common Files\Oracle\Java\javapath;C:\ProgramData\Oracle\Java\javapath;C:\Program Files (x86)\Intel\iCLS Client\;C:\Program Files\Intel\iCLS Client\;C:\Windows\system32;C:\Windows;C:\Windows\System32\Wbem;C:\Windows\System32\WindowsPowerShell\v1.0\;C:\Program Files (x86)\NVIDIA Corporation\PhysX\Common;C:\Program Files (x86)\Intel\Intel(R) Management Engine Components\DAL;C:\Program Files\Intel\Intel(R) Management Engine Components\DAL;C:\Program Files (x86)\Intel\Intel(R) Management Engine Components\IPT;C:\Program Files\Intel\Intel(R) Management Engine Components\IPT;C:\Program Files\Intel\WiFi\bin\;C:\Program Files\Common Files\Intel\WirelessCommon\;C:\WINDOWS\system32;C:\WINDOWS;C:\WINDOWS\System32\Wbem;C:\WINDOWS\System32\WindowsPowerShell\v1.0\;C:\WINDOWS\System32\OpenSSH\;C:\Program Files (x86)\Microsoft SQL Server\100\Tools\Binn\;C:\Program Files\Microsoft SQL Server\100\Tools\Binn\;C:\Program Files\Microsoft SQL Server\100\DTS\Binn\;C:\Users\暮光沉寂\AppData\Local\Microsoft\WindowsApps;F:\SOFTWARE\visual studio code\Microsoft VS Code\bin;D:\新建文件夹\bandzip\;D:\新建文件夹\vscode\Microsoft VS Code\bin;F:\opencv\opencv\build\x64\vc15\bin;F:\opencv\opencv\build\x64\vc14\bin;D:\software\pycharm\PyCharm 2020.2\bin;;D:\software\pycharm\PyCharm Community Edition 2020.3.2\bin;;C:\Users\暮光沉寂\.dotnet\tools;D:\software\android-sdk\tools;
USERNAME=暮光沉寂
OS=Windows_NT
PROCESSOR_IDENTIFIER=Intel64 Family 6 Model 158 Stepping 9, GenuineIntel



---------------  S Y S T E M  ---------------

OS: Windows 10.0 , 64 bit Build 18362 (10.0.18362.1350)

CPU:total 8 (initial active 8) (4 cores per cpu, 2 threads per core) family 6 model 158 stepping 9, cmov, cx8, fxsr, mmx, sse, sse2, sse3, ssse3, sse4.1, sse4.2, popcnt, avx, avx2, aes, clmul, erms, 3dnowpref, lzcnt, ht, tsc, tscinvbit, bmi1, bmi2, adx

Memory: 4k page, physical 8270008k(1931960k free), swap 8270008k(3544k free)

vm_info: OpenJDK 64-Bit Server VM (25.242-b01) for windows-amd64 JRE (1.8.0_242-release-1644-b01), built by "builder" with MS VC++ 10.0 (VS2010)

time: Wed Apr 07 16:49:15 2021
timezone: 中国标准时间
elapsed time: 16 seconds (0d 0h 0m 16s)

